<?xml version="1.0" encoding="UTF-8"?>
<robot generator="Robot 4.1.3 (Python 3.10.1 on win32)" generated="20220510 09:25:37.070" rpa="false" schemaversion="2">
<suite id="s1" name="Suites" source="C:\git\edustusautot\Edustusautot\AcceptanceTests\Suites">
<suite id="s1-s1" name="05 Ride Organizing" source="C:\git\edustusautot\Edustusautot\AcceptanceTests\Suites\05_ride_organizing">
<suite id="s1-s1-s1" name="Rideorganizing Features 02 Main" source="C:\git\edustusautot\Edustusautot\AcceptanceTests\Suites\05_ride_organizing\rideorganizing_features_02_main.robot">
<kw name="Run Keywords" library="BuiltIn" type="SETUP">
<arg>Open My Browser</arg>
<arg>AND</arg>
<arg>Set Strict Mode</arg>
<arg>False</arg>
<arg>AND</arg>
<arg>Get Date After Week</arg>
<arg>AND</arg>
<arg>Get Time</arg>
<arg>AND</arg>
<arg>Create Order Via Orders API</arg>
<arg>AND</arg>
<arg>Log In To App</arg>
<arg>username=${VALID USERNAME ORGANIZER}</arg>
<arg>password=${VALID PASSWORD}</arg>
<doc>Executes all the given keywords in a sequence.</doc>
<kw name="Open My Browser" library="global_resources">
<kw name="Create Video Setup" library="global_resources">
<if>
<branch type="IF" condition="'${ACTION}' == 'yes'">
<kw name="Record Video" library="global_resources">
<kw name="Create Dictionary" library="BuiltIn">
<var>${size}</var>
<arg>width</arg>
<arg>${WINDOWWIDTH}</arg>
<arg>height</arg>
<arg>${WINDOWHEIGHT}</arg>
<doc>Creates and returns a dictionary based on the given ``items``.</doc>
<msg timestamp="20220510 09:25:47.960" level="INFO">${size} = {'width': '1440', 'height': '900'}</msg>
<status status="PASS" starttime="20220510 09:25:47.960" endtime="20220510 09:25:47.960"/>
</kw>
<kw name="Create Dictionary" library="BuiltIn">
<var>${record_video}</var>
<arg>size</arg>
<arg>${size}</arg>
<arg>dir</arg>
<arg>${OUTPUT DIR}/video</arg>
<doc>Creates and returns a dictionary based on the given ``items``.</doc>
<msg timestamp="20220510 09:25:47.960" level="INFO">${record_video} = {'size': {'width': '1440', 'height': '900'}, 'dir': 'C:\\git\\edustusautot\\Edustusautot\\AcceptanceTests\\robotresults/video'}</msg>
<status status="PASS" starttime="20220510 09:25:47.960" endtime="20220510 09:25:47.960"/>
</kw>
<kw name="Set Global Variable" library="BuiltIn">
<arg>${REC}</arg>
<arg>${record_video}</arg>
<doc>Makes a variable available globally in all tests and suites.</doc>
<msg timestamp="20220510 09:25:47.961" level="INFO">${REC} = {'size': {'width': '1440', 'height': '900'}, 'dir': 'C:\\git\\edustusautot\\Edustusautot\\AcceptanceTests\\robotresults/video'}</msg>
<status status="PASS" starttime="20220510 09:25:47.960" endtime="20220510 09:25:47.961"/>
</kw>
<status status="PASS" starttime="20220510 09:25:47.960" endtime="20220510 09:25:47.961"/>
</kw>
<status status="PASS" starttime="20220510 09:25:47.960" endtime="20220510 09:25:47.961"/>
</branch>
<branch type="ELSE">
<kw name="Set Global Variable" library="BuiltIn">
<arg>${REC}</arg>
<arg>None</arg>
<doc>Makes a variable available globally in all tests and suites.</doc>
<status status="NOT RUN" starttime="20220510 09:25:47.961" endtime="20220510 09:25:47.961"/>
</kw>
<status status="NOT RUN" starttime="20220510 09:25:47.961" endtime="20220510 09:25:47.961"/>
</branch>
<status status="PASS" starttime="20220510 09:25:47.959" endtime="20220510 09:25:47.961"/>
</if>
<status status="PASS" starttime="20220510 09:25:47.959" endtime="20220510 09:25:47.961"/>
</kw>
<kw name="New Browser" library="Browser">
<arg>${BROWSER}</arg>
<arg>headless=${HEADLESS}</arg>
<arg>timeout=40</arg>
<arg>slowMo=${DELAY}</arg>
<tag>BrowserControl</tag>
<tag>Setter</tag>
<doc>Create a new playwright Browser with specified options.</doc>
<msg timestamp="20220510 09:25:47.962" level="INFO">{"browser": "firefox", "headless": true, "handleSIGINT": true, "handleSIGTERM": true, "handleSIGHUP": true, "timeout": 40000.0, "devtools": false, "slowMo": 0.0, "tracesDir": "C:\\git\\edustusautot\\Edustusautot\\AcceptanceTests\\robotresults\\browser\\traces\\ec827966-72ab-46fb-abd1-79c0afcdd6d4"}</msg>
<msg timestamp="20220510 09:25:54.266" level="INFO">Successfully created browser with options: {"browser":"firefox","headless":true,"handleSIGINT":true,"handleSIGTERM":true,"handleSIGHUP":true,"timeout":40000,"devtools":false,"slowMo":0,"tracesDir":"C:\\git\\edustusautot\\Edustusautot\\AcceptanceTests\\robotresults\\browser\\traces\\ec827966-72ab-46fb-abd1-79c0afcdd6d4"}</msg>
<status status="PASS" starttime="20220510 09:25:47.961" endtime="20220510 09:25:54.266"/>
</kw>
<kw name="New Context" library="Browser">
<arg>ignoreHTTPSErrors=true</arg>
<arg>bypassCSP=true</arg>
<arg>recordVideo=${REC}</arg>
<tag>BrowserControl</tag>
<tag>Setter</tag>
<doc>Create a new BrowserContext with specified options.</doc>
<msg timestamp="20220510 09:25:54.267" level="INFO">{"acceptDownloads": false, "ignoreHTTPSErrors": true, "bypassCSP": true, "deviceScaleFactor": 1.0, "isMobile": false, "hasTouch": false, "javaScriptEnabled": true, "offline": false, "hideRfBrowser": false, "recordVideo": {"dir": "C:\\git\\edustusautot\\Edustusautot\\AcceptanceTests\\robotresults/video", "size": {"width": 1440, "height": 900}}}</msg>
<msg timestamp="20220510 09:25:54.284" level="INFO">Successfully created context. </msg>
<msg timestamp="20220510 09:25:54.285" level="INFO">{'acceptDownloads': False, 'ignoreHTTPSErrors': True, 'bypassCSP': True, 'deviceScaleFactor': 1, 'isMobile': False, 'hasTouch': False, 'javaScriptEnabled': True, 'offline': False, 'hideRfBrowser': False, 'recordVideo': {'dir': 'C:\\git\\edustusautot\\Edustusautot\\AcceptanceTests\\robotresults/video', 'size': {'width': 1440, 'height': 900}}}</msg>
<status status="PASS" starttime="20220510 09:25:54.266" endtime="20220510 09:25:54.285"/>
</kw>
<kw name="New Page" library="Browser">
<arg>${APP_URL.${ENVIRONMENT}}</arg>
<tag>BrowserControl</tag>
<tag>Setter</tag>
<doc>Open a new Page.</doc>
<msg timestamp="20220510 09:25:56.890" level="INFO">Successfully initialized new page object and opened url: https://app-ecs-qa.westeurope.cloudapp.azure.com/</msg>
<msg timestamp="20220510 09:25:56.891" level="INFO" html="true">&lt;/td&gt;&lt;/tr&gt;&lt;tr&gt;&lt;td colspan="3"&gt;&lt;video width="1440" height="900" controls&gt;&lt;source src="video/b67085e3-7da1-4259-933c-984efef3f5e6.webm" type="video/webm"&gt;&lt;/video&gt;</msg>
<status status="PASS" starttime="20220510 09:25:54.285" endtime="20220510 09:25:56.891"/>
</kw>
<kw name="Wait Until Network Is Idle" library="Browser">
<tag>HTTP</tag>
<tag>Wait</tag>
<doc>Waits until there has been at least one instance of 500 ms of no network traffic on the page after loading.</doc>
<status status="PASS" starttime="20220510 09:25:56.892" endtime="20220510 09:25:57.999"/>
</kw>
<kw name="Set Browser Timeout" library="Browser">
<arg>timeout=30</arg>
<tag>Config</tag>
<tag>Setter</tag>
<doc>Sets the timeout used by most input and getter keywords.</doc>
<msg timestamp="20220510 09:25:58.001" level="INFO">Set timeout to: 30000</msg>
<status status="PASS" starttime="20220510 09:25:57.999" endtime="20220510 09:25:58.001"/>
</kw>
<kw name="Set Viewport Size" library="Browser">
<arg>${WINDOWWIDTH}</arg>
<arg>${WINDOWHEIGHT}</arg>
<tag>BrowserControl</tag>
<tag>Setter</tag>
<doc>Sets current Pages viewport size to specified dimensions.</doc>
<msg timestamp="20220510 09:25:58.009" level="INFO">Set viewport size to: [object Object]</msg>
<status status="PASS" starttime="20220510 09:25:58.001" endtime="20220510 09:25:58.010"/>
</kw>
<kw name="Wait Until Network Is Idle" library="Browser">
<tag>HTTP</tag>
<tag>Wait</tag>
<doc>Waits until there has been at least one instance of 500 ms of no network traffic on the page after loading.</doc>
<status status="PASS" starttime="20220510 09:25:58.010" endtime="20220510 09:25:58.013"/>
</kw>
<kw name="Sleep" library="BuiltIn">
<arg>2s</arg>
<doc>Pauses the test executed for the given time.</doc>
<msg timestamp="20220510 09:26:00.029" level="INFO">Slept 2 seconds</msg>
<status status="PASS" starttime="20220510 09:25:58.013" endtime="20220510 09:26:00.029"/>
</kw>
<kw name="Go To" library="Browser">
<arg>${APP_URL.${ENVIRONMENT}}</arg>
<tag>BrowserControl</tag>
<tag>Setter</tag>
<doc>Navigates to the given ``url``.</doc>
<msg timestamp="20220510 09:26:00.415" level="INFO">Successfully opened URL https://app-ecs-qa.westeurope.cloudapp.azure.com/</msg>
<status status="PASS" starttime="20220510 09:26:00.029" endtime="20220510 09:26:00.415"/>
</kw>
<kw name="Sleep" library="BuiltIn">
<arg>2s</arg>
<doc>Pauses the test executed for the given time.</doc>
<msg timestamp="20220510 09:26:02.420" level="INFO">Slept 2 seconds</msg>
<status status="PASS" starttime="20220510 09:26:00.415" endtime="20220510 09:26:02.420"/>
</kw>
<status status="PASS" starttime="20220510 09:25:47.959" endtime="20220510 09:26:02.420"/>
</kw>
<kw name="Set Strict Mode" library="Browser">
<arg>False</arg>
<tag>BrowserControl</tag>
<tag>Setter</tag>
<doc>Controls library strict mode.</doc>
<status status="PASS" starttime="20220510 09:26:02.420" endtime="20220510 09:26:02.420"/>
</kw>
<kw name="Get Date After Week" library="global_resources">
<doc>This keyword is needed when creating a trip in 04_trip_ordering suite</doc>
<kw name="Get Current Date" library="DateTime">
<var>${TDATE}</var>
<arg>result_format=%d%m%Y</arg>
<arg>increment=7 day</arg>
<doc>Returns current local or UTC time with an optional increment.</doc>
<msg timestamp="20220510 09:26:02.421" level="INFO">${TDATE} = 17052022</msg>
<status status="PASS" starttime="20220510 09:26:02.420" endtime="20220510 09:26:02.421"/>
</kw>
<kw name="Log To Console" library="BuiltIn">
<arg>Day after week is ${TDATE}</arg>
<doc>Logs the given message to the console.</doc>
<status status="PASS" starttime="20220510 09:26:02.421" endtime="20220510 09:26:02.421"/>
</kw>
<kw name="Set Global Variable" library="BuiltIn">
<arg>${TDATE}</arg>
<doc>Makes a variable available globally in all tests and suites.</doc>
<msg timestamp="20220510 09:26:02.422" level="INFO">${TDATE} = 17052022</msg>
<status status="PASS" starttime="20220510 09:26:02.422" endtime="20220510 09:26:02.422"/>
</kw>
<status status="PASS" starttime="20220510 09:26:02.420" endtime="20220510 09:26:02.422"/>
</kw>
<kw name="Get Time" library="global_resources">
<doc>This keyword creates timestamp as unique ID to all test suites</doc>
<kw name="Get Timestamp" library="DateTimeTZ">
<var>${TIMESTAMP}</var>
<doc>Returns current local timestamp in defined format and locale.</doc>
<msg timestamp="20220510 09:26:02.427" level="INFO">${TIMESTAMP} = 10-05-2022 9:26:02.33962423</msg>
<status status="PASS" starttime="20220510 09:26:02.422" endtime="20220510 09:26:02.427"/>
</kw>
<kw name="Replace String" library="String">
<var>${TIMESTAMP}</var>
<arg>${TIMESTAMP}</arg>
<arg>:</arg>
<arg>${empty}</arg>
<doc>Replaces ``search_for`` in the given ``string`` with ``replace_with``.</doc>
<msg timestamp="20220510 09:26:02.428" level="INFO">${TIMESTAMP} = 10-05-2022 92602.33962423</msg>
<status status="PASS" starttime="20220510 09:26:02.427" endtime="20220510 09:26:02.428"/>
</kw>
<kw name="Replace String" library="String">
<var>${TIMESTAMP}</var>
<arg>${TIMESTAMP}</arg>
<arg>.</arg>
<arg>${empty}</arg>
<doc>Replaces ``search_for`` in the given ``string`` with ``replace_with``.</doc>
<msg timestamp="20220510 09:26:02.429" level="INFO">${TIMESTAMP} = 10-05-2022 9260233962423</msg>
<status status="PASS" starttime="20220510 09:26:02.428" endtime="20220510 09:26:02.429"/>
</kw>
<kw name="Replace String" library="String">
<var>${TIMESTAMP}</var>
<arg>${TIMESTAMP}</arg>
<arg>-</arg>
<arg>${empty}</arg>
<doc>Replaces ``search_for`` in the given ``string`` with ``replace_with``.</doc>
<msg timestamp="20220510 09:26:02.430" level="INFO">${TIMESTAMP} = 10052022 9260233962423</msg>
<status status="PASS" starttime="20220510 09:26:02.429" endtime="20220510 09:26:02.430"/>
</kw>
<kw name="Replace String" library="String">
<var>${TIMESTAMP}</var>
<arg>${TIMESTAMP}</arg>
<arg>${space}</arg>
<arg>${empty}</arg>
<doc>Replaces ``search_for`` in the given ``string`` with ``replace_with``.</doc>
<msg timestamp="20220510 09:26:02.430" level="INFO">${TIMESTAMP} = 100520229260233962423</msg>
<status status="PASS" starttime="20220510 09:26:02.430" endtime="20220510 09:26:02.430"/>
</kw>
<kw name="Log To Console" library="BuiltIn">
<arg>Timestamp is ${TIMESTAMP}</arg>
<doc>Logs the given message to the console.</doc>
<status status="PASS" starttime="20220510 09:26:02.430" endtime="20220510 09:26:02.431"/>
</kw>
<kw name="Set Global Variable" library="BuiltIn">
<arg>${TIMESTAMP}</arg>
<doc>Makes a variable available globally in all tests and suites.</doc>
<msg timestamp="20220510 09:26:02.431" level="INFO">${TIMESTAMP} = 100520229260233962423</msg>
<status status="PASS" starttime="20220510 09:26:02.431" endtime="20220510 09:26:02.431"/>
</kw>
<status status="PASS" starttime="20220510 09:26:02.422" endtime="20220510 09:26:02.431"/>
</kw>
<kw name="Create Order Via Orders API" library="global_resources">
<kw name="Log In To App" library="global_resources">
<arg>username=${CREDIT ROBOT CUSTOMER}</arg>
<arg>password=${VALID PASSWORD}</arg>
<kw name="Wait Until Network Is Idle" library="Browser">
<tag>HTTP</tag>
<tag>Wait</tag>
<doc>Waits until there has been at least one instance of 500 ms of no network traffic on the page after loading.</doc>
<status status="PASS" starttime="20220510 09:26:02.432" endtime="20220510 09:26:02.434"/>
</kw>
<kw name="Input Username" library="global_resources">
<arg>${username}</arg>
<kw name="Get Element State" library="Browser">
<arg>${LOGIN_USERNAME_LOCATOR}</arg>
<arg>visible</arg>
<tag>Assertion</tag>
<tag>Getter</tag>
<tag>PageContent</tag>
<doc>Get the given state from the element found by ``selector``.</doc>
<status status="PASS" starttime="20220510 09:26:02.434" endtime="20220510 09:26:02.472"/>
</kw>
<kw name="Fill Text" library="Browser">
<arg>${LOGIN_USERNAME_LOCATOR}</arg>
<arg>${username}</arg>
<tag>PageContent</tag>
<tag>Setter</tag>
<doc>Clears and fills the given ``txt`` into the text field found by ``selector``.</doc>
<msg timestamp="20220510 09:26:02.472" level="INFO">Fills the text 'credit.robot@elisa.fi' in the given field.</msg>
<status status="PASS" starttime="20220510 09:26:02.472" endtime="20220510 09:26:02.511"/>
</kw>
<status status="PASS" starttime="20220510 09:26:02.434" endtime="20220510 09:26:02.511"/>
</kw>
<kw name="Input Password" library="global_resources">
<arg>${password}</arg>
<kw name="Get Element State" library="Browser">
<arg>${LOGIN_PASSWORD_LOCATOR}</arg>
<arg>visible</arg>
<tag>Assertion</tag>
<tag>Getter</tag>
<tag>PageContent</tag>
<doc>Get the given state from the element found by ``selector``.</doc>
<status status="PASS" starttime="20220510 09:26:02.512" endtime="20220510 09:26:02.523"/>
</kw>
<kw name="Fill Secret" library="Browser">
<arg>${LOGIN_PASSWORD_LOCATOR}</arg>
<arg>${password}</arg>
<tag>PageContent</tag>
<tag>Setter</tag>
<doc>Fills the given secret from ``variable_name`` into the
text field found by ``selector``.</doc>
<msg timestamp="20220510 09:26:02.525" level="WARN">Direct assignment of values as 'secret' is deprecated. Use special variable syntax to resolve variable. Example $var instead of ${var}.</msg>
<status status="PASS" starttime="20220510 09:26:02.524" endtime="20220510 09:26:02.552"/>
</kw>
<status status="PASS" starttime="20220510 09:26:02.511" endtime="20220510 09:26:02.553"/>
</kw>
<kw name="Click" library="Browser">
<arg>${LOGIN_SUBMIT_BUTTON}</arg>
<tag>PageContent</tag>
<tag>Setter</tag>
<doc>Simulates mouse click on the element found by ``selector``.</doc>
<status status="PASS" starttime="20220510 09:26:02.553" endtime="20220510 09:26:02.626"/>
</kw>
<kw name="Check That Userinfo Is Received" library="global_resources">
<arg>${username}</arg>
<kw name="Wait For Response" library="Browser">
<var>&amp;{userInfo}</var>
<arg>matcher=${APP_URL.${ENVIRONMENT}}connect/userinfo</arg>
<tag>HTTP</tag>
<tag>Wait</tag>
<doc>Waits for response matching matcher and returns python dict with contents.</doc>
<msg timestamp="20220510 09:26:04.174" level="INFO">{'status': 200, 'body': {'role': 'Customer', 'preferred_username': 'credit.robot@elisa.fi', 'name': 'credit.robot@elisa.fi', 'org': '55554a4b-3305-4607-8828-8f06f9e48095', 'orgname': 'Robottiasiakas', 'fullname': 'Credit Robot', 'userid': '5e584814-0bf7-4f0c-8bd7-1d78dfa4f644', 'sub': '672181d1-98db-41f7-8ef3-8dcb52e89012'}, 'headers': {'cache-control': 'no-store, no-cache, max-age=0', 'pragma': 'no-cache', 'content-type': 'application/json; charset=utf-8', 'content-encoding': 'gzip', 'vary': 'Accept-Encoding', 'server': 'Microsoft-IIS/10.0', 'request-context': 'appId=cid-v1:5c4aab1f-23cd-4138-9333-c2935e0f6a2b', 'strict-transport-security': 'max-age=2592000', 'x-powered-by': 'ASP.NET', 'date': 'Tue, 10 May 2022 06:26:03 GMT', 'content-length': '326'}, 'statusText': 'OK', 'url': 'https://app-ecs-qa.westeurope.cloudapp.azure.com/connect/userinfo', 'ok': True, 'request': {'headers': {'host': 'app-ecs-qa.westeurope.cloudapp.azure.com', 'user-agent': 'Mozilla/5.0 (Windows NT 10.0; Win64; x64; rv:94.0) Gecko/20100101 Firefox/94.0', 'accept': '*/*', 'accept-language': 'en-US,en;q=0.5', 'accept-encoding': 'gzip, deflate, br', 'referer': 'https://app-ecs-qa.westeurope.cloudapp.azure.com/authentication/login-callback?code=AKp-MtULi81rXgV_Z7x1xH5Hmb66RnjzgR6NWygH2LQ&amp;scope=openid%20profile%20EdustusautotAppAPI&amp;state=a33e4b1a7eab4abc9dab15001dc7e26e&amp;session_state=PbD7mLkymkVhcCkflPb5_O_eWZmA4szHZ-roJ7QNR-c.m14mh2a_n8ko9arEy8VwvA', 'authorization': 'Bearer eyJhbGciOiJSUzI1NiIsImtpZCI6IkRldmVsb3BtZW50IiwidHlwIjoiYXQrand0In0.eyJuYmYiOjE2NTIxNjM5NjQsImV4cCI6MTY1MjI1MDM2NCwiaXNzIjoiaHR0cHM6Ly9hcHAtZWNzLXFhLndlc3RldXJvcGUuY2xvdWRhcHAuYXp1cmUuY29tIiwiYXVkIjoiRWR1c3R1c2F1dG90QXBwQVBJIiwiY2xpZW50X2lkIjoiRUNTQXBwIiwic3ViIjoiNjcyMTgxZDEtOThkYi00MWY3LThlZjMtOGRjYjUyZTg5MDEyIiwiYXV0aF90aW1lIjoxNjUyMTYzOTYyLCJpZHAiOiJsb2NhbCIsInJvbGUiOiJDdXN0b21lciIsInByZWZlcnJlZF91c2VybmFtZSI6ImNyZWRpdC5yb2JvdEBlbGlzYS5maSIsIm5hbWUiOiJjcmVkaXQucm9ib3RAZWxpc2EuZmkiLCJvcmciOiI1NTU1NGE0Yi0zMzA1LTQ2MDctODgyOC04ZjA2ZjllNDgwOTUiLCJvcmduYW1lIjoiUm9ib3R0aWFzaWFrYXMiLCJmdWxsbmFtZSI6IkNyZWRpdCBSb2JvdCIsInVzZXJpZCI6IjVlNTg0ODE0LTBiZjctNGYwYy04YmQ3LTFkNzhkZmE0ZjY0NCIsInNjb3BlIjpbIm9wZW5pZCIsInByb2ZpbGUiLCJFZHVzdHVzYXV0b3RBcHBBUEkiXSwiYW1yIjpbInB3ZCJdfQ.T89vrxKmgtscMOIl3mQ--Dl_SGvcoHspyHXsaFEPerrupg2Ln9g4MOeF_TAP46BkTd4wwPSXjN_dMzeGcnyCC-rQOeVmZ5E2QI2KBHjlECgLB-2OCClo2CtAQhZNkn7yzS7TA0nA-SWEDST5uhF67CaDa5uiLs95sSFTdrsjwcLBkA1qMKjP-4HaztSK00atN6xSPz3mTXkVYo8Eohw3run2-Me5C_93prkOQ4vIW_ie169Kqv2eoEBDX6w4PSmLuIeFxrXcsd0BIYgUdWz4y_UBiBZjx0uaRKkZDMzBW8nvQmgwxaMicoqqFLM6QJK5LTEenOaltg6egpsKT-m7_A', 'connection': 'keep-alive', 'cookie': 'idsrv.session=BKlSf2r5KyKwfjzv6XcaHw; AppAuthCookie=CfDJ8GnQyGQhdGFAlXSy0V7evPPWVzi7mvXYnlIkZI6GA4fXAFYYIvtiTll_sYeQpt6VrpYqUROLuF0JcP6CQRRdJVRVK3-aV9jL2D_bDIUOm1DYFaEMEmG-kg2ZX5dMs4WYK0tNWW6tHddo_oZek_4_yK6Rm99P5Hk6h2xGnoFtcvb-FEX8AJetblNl5Qwl9KbxPu8OzduhXJ_o9alHvHVfIqCn95EFVwoN2b55Uf4ZPBgk6oD4f4yujpsTE86fmw0xavfGm5zsTQjI9tmk_kQ2PsyFlBHwdbvwlUEnr0NvRF-rl5GiV24zUcVx1ODskrngZTr2i2h5yPjqpedHvzNxC4cZ5Zhgsmf4ooSlkkQATU3iK_DEH-6mDL2RRWdH9nTU65p4tscCYz9jwwl_oanrOkySQUD4AFFlNvJZXT6jNMTpSq2CDRZP9qc2nZCA2opr5sLEDWu6MAb_WcJd5nB1PRuYiHUX45pLWoLihDVP_P6HQxCnOxzAthKldg278p10v20LjV-mbwDSTdtsOnqi_pKEPatpi-sW4im7DskSLxdKSTW7_QA71ChvU6oQxrG0vf-kfDBgGJuHvTCgrORx-qwKmGxJ2_vz4naZZveY2J8vUEVH_RnYdP9V77upNE4-dxBLJtGhfqetZr9DvsAC9OQmy0idW58ybq0vj8wvQi_ZuRJZ3QNojYeHmWcqcn_nkJIYb3GYUOZ7VdD6n4QmW6iensbZtJMa7sIJtSSUmET8k3Pu30Am4iAE6Z1EpUvTTM5LrxqRnDVTWDxQjSFBzHx79ivjT0drzRyR8CnbvdlUEer07Knrb8tmcCQamjNE4Wzmkhmqfw6MAIfKObS7Ii5fpUTl2lwHo8osCQt1ZaAZXz6050qu0vMfEeG_7SXWQM7AtJh4LEe6-qyVSCMRue6yVvbDSueKByl_k2dv-zQ5BWMUGGi5kq6A1rHvmUp1wrEFj8O5JQvsb15BlHDMfK8yHc7p7C5KarKHBGOIaDwm', 'sec-fetch-dest': 'empty', 'sec-fetch-mode': 'cors', 'sec-fetch-site': 'same-origin'}, 'method': 'GET', 'postData': None}}</msg>
<msg timestamp="20220510 09:26:04.174" level="INFO">&amp;{userInfo} = { status=200 | body={'role': 'Customer', 'preferred_username': 'credit.robot@elisa.fi', 'name': 'credit.robot@elisa.fi', 'org': '55554a4b-3305-4607-8828-8f06f9e48095', 'orgname': 'Robottiasiakas', 'fu...</msg>
<status status="PASS" starttime="20220510 09:26:02.626" endtime="20220510 09:26:04.174"/>
</kw>
<kw name="Should Be Equal As Strings" library="BuiltIn">
<arg>${userInfo.body.name}</arg>
<arg>${username}</arg>
<doc>Fails if objects are unequal after converting them to strings.</doc>
<status status="PASS" starttime="20220510 09:26:04.174" endtime="20220510 09:26:04.175"/>
</kw>
<kw name="Should Be Equal As Integers" library="BuiltIn">
<arg>${userInfo.status}</arg>
<arg>200</arg>
<doc>Fails if objects are unequal after converting them to integers.</doc>
<msg timestamp="20220510 09:26:04.177" level="INFO">Argument types are:
&lt;class 'int'&gt;
&lt;type 'unicode'&gt;</msg>
<status status="PASS" starttime="20220510 09:26:04.176" endtime="20220510 09:26:04.177"/>
</kw>
<status status="PASS" starttime="20220510 09:26:02.626" endtime="20220510 09:26:04.177"/>
</kw>
<status status="PASS" starttime="20220510 09:26:02.432" endtime="20220510 09:26:04.177"/>
</kw>
<kw name="Create Planned Pickup Date With Increment" library="global_resources">
<arg>7 day</arg>
<kw name="Get Current Date" library="DateTime">
<var>${date}</var>
<arg>time_zone=utc</arg>
<arg>increment=${incrementInDays}</arg>
<arg>result_format=%Y-%m-%d</arg>
<doc>Returns current local or UTC time with an optional increment.</doc>
<msg timestamp="20220510 09:26:04.178" level="INFO">${date} = 2022-05-17</msg>
<status status="PASS" starttime="20220510 09:26:04.177" endtime="20220510 09:26:04.178"/>
</kw>
<kw name="Set Suite Variable" library="BuiltIn">
<arg>${JSONDate}</arg>
<arg>${date} 12:00</arg>
<doc>Makes a variable available everywhere within the scope of the current suite.</doc>
<msg timestamp="20220510 09:26:04.179" level="INFO">${JSONDate} = 2022-05-17 12:00</msg>
<status status="PASS" starttime="20220510 09:26:04.178" endtime="20220510 09:26:04.179"/>
</kw>
<kw name="Add Time To Date" library="DateTime">
<arg>${JSONDate}</arg>
<arg>2 hours</arg>
<arg>result_format=%d.%M.%y</arg>
<doc>Adds time to date and returns the resulting date.</doc>
<status status="PASS" starttime="20220510 09:26:04.179" endtime="20220510 09:26:04.192"/>
</kw>
<kw name="Log To Console" library="BuiltIn">
<arg>Planned pickup date for JSON order: ${JSONDate}</arg>
<doc>Logs the given message to the console.</doc>
<status status="PASS" starttime="20220510 09:26:04.192" endtime="20220510 09:26:04.193"/>
</kw>
<status status="PASS" starttime="20220510 09:26:04.177" endtime="20220510 09:26:04.193"/>
</kw>
<kw name="Create Order As A JSON" library="global_resources">
<kw name="Create Addresses For API Order" library="global_resources">
<kw name="Generate Random String" library="String">
<var>${startAddressNumber}</var>
<arg>2</arg>
<arg>123456789</arg>
<doc>Generates a string with a desired ``length`` from the given ``chars``.</doc>
<msg timestamp="20220510 09:26:04.195" level="INFO">${startAddressNumber} = 38</msg>
<status status="PASS" starttime="20220510 09:26:04.194" endtime="20220510 09:26:04.195"/>
</kw>
<kw name="Generate Random String" library="String">
<var>${endAddressNumber}</var>
<arg>2</arg>
<arg>123456789</arg>
<doc>Generates a string with a desired ``length`` from the given ``chars``.</doc>
<msg timestamp="20220510 09:26:04.195" level="INFO">${endAddressNumber} = 23</msg>
<status status="PASS" starttime="20220510 09:26:04.195" endtime="20220510 09:26:04.195"/>
</kw>
<kw name="Set Global Variable" library="BuiltIn">
<arg>${selectedStartAddress}</arg>
<arg>Ratavartijankatu ${startAddressNumber}, Helsinki, Finland</arg>
<doc>Makes a variable available globally in all tests and suites.</doc>
<msg timestamp="20220510 09:26:04.197" level="INFO">${selectedStartAddress} = Ratavartijankatu 38, Helsinki, Finland</msg>
<status status="PASS" starttime="20220510 09:26:04.195" endtime="20220510 09:26:04.197"/>
</kw>
<kw name="Set Global Variable" library="BuiltIn">
<arg>${selectedEndAddress}</arg>
<arg>Kaarlenkatu ${endAddressNumber}, Helsinki, Finland</arg>
<doc>Makes a variable available globally in all tests and suites.</doc>
<msg timestamp="20220510 09:26:04.200" level="INFO">${selectedEndAddress} = Kaarlenkatu 23, Helsinki, Finland</msg>
<status status="PASS" starttime="20220510 09:26:04.198" endtime="20220510 09:26:04.200"/>
</kw>
<status status="PASS" starttime="20220510 09:26:04.194" endtime="20220510 09:26:04.200"/>
</kw>
<kw name="Catenate" library="BuiltIn">
<var>${jsonOrder}</var>
<arg>{"driveType":0, "additionalInformation":"terminal2",</arg>
<arg>"showAdditionalInfoForPassenger":false, "numberOfPassengers":"10",</arg>
<arg>"passengerUserGuid":"${PASSENGERGUID.${ENVIRONMENT}}",</arg>
<arg>"paymentType":1, "paymentCreditCardGuid": "${PAYMENT_GUID.${ENVIRONMENT}}",</arg>
<arg>"usePassengerUserGuid":true,"terminalPickup":true, "rides":[{"plannedPickupDate":"${JSONDate}",</arg>
<arg>"requestedVehicleClassGuid":"7986660f-cde5-44af-b074-727f9581481e",</arg>
<arg>"sendConfirmationEmailToSubscriber":true,</arg>
<arg>"routeSteps":[{"stepOrder":1,"address":"${selectedStartAddress}"},</arg>
<arg>{"stepOrder":2,"address":"${selectedEndAddress}"}]}]}</arg>
<doc>Catenates the given items together and returns the resulted string.</doc>
<msg timestamp="20220510 09:26:04.202" level="INFO">${jsonOrder} = {"driveType":0, "additionalInformation":"terminal2", "showAdditionalInfoForPassenger":false, "numberOfPassengers":"10", "passengerUserGuid":"5e584814-0bf7-4f0c-8bd7-1d78dfa4f644", "paymentType":1, "pa...</msg>
<status status="PASS" starttime="20220510 09:26:04.200" endtime="20220510 09:26:04.202"/>
</kw>
<kw name="Set Suite Variable" library="BuiltIn">
<arg>${jsonOrder}</arg>
<arg>${jsonOrder}</arg>
<doc>Makes a variable available everywhere within the scope of the current suite.</doc>
<msg timestamp="20220510 09:26:04.203" level="INFO">${jsonOrder} = {"driveType":0, "additionalInformation":"terminal2", "showAdditionalInfoForPassenger":false, "numberOfPassengers":"10", "passengerUserGuid":"5e584814-0bf7-4f0c-8bd7-1d78dfa4f644", "paymentType":1, "pa...</msg>
<status status="PASS" starttime="20220510 09:26:04.203" endtime="20220510 09:26:04.203"/>
</kw>
<status status="PASS" starttime="20220510 09:26:04.194" endtime="20220510 09:26:04.203"/>
</kw>
<kw name="Send JSON Order To Orders API" library="global_resources">
<kw name="Http" library="Browser">
<var>&amp;{orderResponse}</var>
<arg>/api/Orders</arg>
<arg>POST</arg>
<arg>${jsonOrder}</arg>
<tag>HTTP</tag>
<doc>Performs an HTTP request in the current browser context</doc>
<msg timestamp="20220510 09:26:06.690" level="INFO">{'status': 201, 'body': {'id': 'bd5b392f-48d1-4703-9175-124c19dc3abc', 'number': '19218418', 'orderOwner': {'id': 'afbf3cf3-e7e0-4ddf-b508-92a06f8b9bac', 'name': 'Robottiyritys', 'type': 1, 'internalIdentifier': '89871062', 'orderOwner': None, 'partnerGroups': None, 'description': 'Robottitestausta varten.', 'billingEmailAddress': None, 'billingAddress': '', 'billingCompanyIdentifier': '', 'dateCreated': '2020-06-17T05:00:20.3481906+00:00', 'dateUpdated': '2020-06-17T05:00:20.3481929+00:00', 'createdBy': None, 'updatedBy': None}, 'orderHandler': None, 'partnerGroups': None, 'additionalInformation': 'terminal2', 'terminalPickup': True, 'showAdditionalInfoForPassenger': False, 'numberOfPassengers': 10, 'driveType': 0, 'rides': [{'id': 'd71279be-665c-44b1-8b9e-afcd49150c6e', 'number': '32167175', 'status': 10, 'orderId': 'bd5b392f-48d1-4703-9175-124c19dc3abc', 'routeSteps': [{'id': 'dffcf564-4afa-435c-a606-6fc305c19ea6', 'address': 'Ratavartijankatu 38, Helsinki, Finland', 'geoLatitude': 60.1972144, 'geoLongitude': 24.9371703, 'stepOrder': 1, 'plannedPickupDate': None, 'estimatedDurationMinutesToNextStep': 7, 'estimatedTripLengthKmToNextStep': 2.0}, {'id': '9a2f8867-b2bf-417c-99aa-88b2678a4ea9', 'address': 'Kaarlenkatu 23, Helsinki, Finland', 'geoLatitude': 60.18738159999999, 'geoLongitude': 24.9517188, 'stepOrder': 2, 'plannedPickupDate': None, 'estimatedDurationMinutesToNextStep': 0, 'estimatedTripLengthKmToNextStep': 0.0}], 'plannedPickupDate': '2022-05-17T12:00:00+00:00', 'plannedDropoffDate': '2022-05-17T12:07:00+00:00', 'driverId': '00000000-0000-0000-0000-000000000000', 'requestedVehicleClassGuid': '7986660f-cde5-44af-b074-727f9581481e', 'vehicleId': '00000000-0000-0000-0000-000000000000', 'approvedWaitingMinutes': 0, 'approvedTripLengthKm': 0.0, 'approvedDriverNotes': None, 'estimatedDurationMinutes': 7, 'estimatedTripLengthKm': 2.0, 'sendConfirmationEmailToSubscriber': True, 'dateCancelled': None}], 'sendConfirmationEmailToSubscriber': False, 'subscriberCompanyGuid': '00000000-0000-0000-0000-000000000000', 'passengerUserGuid': None, 'otherPassengerName': '', 'otherPassengerPhone': '', 'otherPassengerEmail': '', 'otherPassengerCompany': '', 'paymentType': 1, 'paymentCreditCardGuid': '9f1cfb82-0b6f-41a4-a7e5-5f0ae538af39', 'usePassengerUserGuid': False}, 'headers': {'content-length': '2141', 'content-type': 'application/json; charset=utf-8', 'date': 'Tue, 10 May 2022 06:26:06 GMT', 'location': 'https://app-ecs-qa.westeurope.cloudapp.azure.com/api/Orders/bd5b392f-48d1-4703-9175-124c19dc3abc', 'request-context': 'appId=cid-v1:5c4aab1f-23cd-4138-9333-c2935e0f6a2b', 'server': 'Microsoft-IIS/10.0', 'strict-transport-security': 'max-age=2592000', 'x-powered-by': 'ASP.NET'}, 'type': 'basic', 'statusText': 'Created', 'url': 'https://app-ecs-qa.westeurope.cloudapp.azure.com/api/Orders', 'ok': True, 'redirected': False}</msg>
<msg timestamp="20220510 09:26:06.691" level="INFO">&amp;{orderResponse} = { status=201 | body={'id': 'bd5b392f-48d1-4703-9175-124c19dc3abc', 'number': '19218418', 'orderOwner': {'id': 'afbf3cf3-e7e0-4ddf-b508-92a06f8b9bac', 'name': 'Robottiyritys', 'type': 1, 'internalIdent...</msg>
<status status="PASS" starttime="20220510 09:26:04.203" endtime="20220510 09:26:06.691"/>
</kw>
<kw name="Should Be Equal As Integers" library="BuiltIn">
<arg>${orderResponse.status}</arg>
<arg>201</arg>
<doc>Fails if objects are unequal after converting them to integers.</doc>
<msg timestamp="20220510 09:26:06.692" level="INFO">Argument types are:
&lt;class 'int'&gt;
&lt;type 'unicode'&gt;</msg>
<status status="PASS" starttime="20220510 09:26:06.691" endtime="20220510 09:26:06.692"/>
</kw>
<kw name="Set Global Variable" library="BuiltIn">
<arg>${orderResponse}</arg>
<arg>&amp;{orderResponse}</arg>
<doc>Makes a variable available globally in all tests and suites.</doc>
<msg timestamp="20220510 09:26:06.692" level="INFO">${orderResponse} = {'status': 201, 'body': {'id': 'bd5b392f-48d1-4703-9175-124c19dc3abc', 'number': '19218418', 'orderOwner': {'id': 'afbf3cf3-e7e0-4ddf-b508-92a06f8b9bac', 'name': 'Robottiyritys', 'type': 1, 'internalI...</msg>
<status status="PASS" starttime="20220510 09:26:06.692" endtime="20220510 09:26:06.692"/>
</kw>
<status status="PASS" starttime="20220510 09:26:04.203" endtime="20220510 09:26:06.692"/>
</kw>
<kw name="Take Note Of Ride Number" library="global_resources">
<kw name="Set Suite Variable" library="BuiltIn">
<arg>${rideNumber}</arg>
<arg>${orderResponse.body.number}</arg>
<doc>Makes a variable available everywhere within the scope of the current suite.</doc>
<msg timestamp="20220510 09:26:06.693" level="INFO">${rideNumber} = 19218418</msg>
<status status="PASS" starttime="20220510 09:26:06.692" endtime="20220510 09:26:06.694"/>
</kw>
<kw name="Log To Console" library="BuiltIn">
<arg>\nRide number: ${orderResponse.body.number}</arg>
<doc>Logs the given message to the console.</doc>
<status status="PASS" starttime="20220510 09:26:06.694" endtime="20220510 09:26:06.694"/>
</kw>
<kw name="Create Locator ID For Order" library="global_resources">
<arg>${rideNumber}</arg>
<kw name="Set Global Variable" library="BuiltIn">
<arg>${ORDER ID}</arg>
<arg>div[data-test-id="${rideNumber}"]</arg>
<doc>Makes a variable available globally in all tests and suites.</doc>
<msg timestamp="20220510 09:26:06.696" level="INFO">${ORDER ID} = div[data-test-id="19218418"]</msg>
<status status="PASS" starttime="20220510 09:26:06.695" endtime="20220510 09:26:06.696"/>
</kw>
<kw name="Log To Console" library="BuiltIn">
<arg>\nRide ${rideNumber} \nfrom ${selectedStartAddress} \nto\n${selectedEndAddress}</arg>
<doc>Logs the given message to the console.</doc>
<status status="PASS" starttime="20220510 09:26:06.696" endtime="20220510 09:26:06.698"/>
</kw>
<status status="PASS" starttime="20220510 09:26:06.695" endtime="20220510 09:26:06.698"/>
</kw>
<status status="PASS" starttime="20220510 09:26:06.692" endtime="20220510 09:26:06.698"/>
</kw>
<kw name="Get The Id From The Order" library="global_resources">
<kw name="Set Variable" library="BuiltIn">
<var>${map_id}</var>
<arg>${orderResponse.body.rides[0].id}</arg>
<doc>Returns the given values which can then be assigned to a variables.</doc>
<msg timestamp="20220510 09:26:06.699" level="INFO">${map_id} = d71279be-665c-44b1-8b9e-afcd49150c6e</msg>
<status status="PASS" starttime="20220510 09:26:06.698" endtime="20220510 09:26:06.699"/>
</kw>
<kw name="Replace String" library="String">
<var>${map_id}</var>
<arg>${map_id}</arg>
<arg>-</arg>
<arg>${EMPTY}</arg>
<doc>Replaces ``search_for`` in the given ``string`` with ``replace_with``.</doc>
<msg timestamp="20220510 09:26:06.700" level="INFO">${map_id} = d71279be665c44b18b9eafcd49150c6e</msg>
<status status="PASS" starttime="20220510 09:26:06.699" endtime="20220510 09:26:06.700"/>
</kw>
<kw name="Set Global Variable" library="BuiltIn">
<arg>${MAP_ID}</arg>
<arg>${map_id}</arg>
<doc>Makes a variable available globally in all tests and suites.</doc>
<msg timestamp="20220510 09:26:06.701" level="INFO">${MAP_ID} = d71279be665c44b18b9eafcd49150c6e</msg>
<status status="PASS" starttime="20220510 09:26:06.701" endtime="20220510 09:26:06.701"/>
</kw>
<kw name="Log To Console" library="BuiltIn">
<arg>Order ID is ${MAP_ID}</arg>
<doc>Logs the given message to the console.</doc>
<status status="PASS" starttime="20220510 09:26:06.701" endtime="20220510 09:26:06.702"/>
</kw>
<status status="PASS" starttime="20220510 09:26:06.698" endtime="20220510 09:26:06.702"/>
</kw>
<kw name="Run Keywords" library="BuiltIn" type="TEARDOWN">
<arg>Log Out</arg>
<arg>AND</arg>
<arg>Delete All Cookies</arg>
<arg>AND</arg>
<arg>Go To</arg>
<arg>${APP_URL.${ENVIRONMENT}}</arg>
<doc>Executes all the given keywords in a sequence.</doc>
<kw name="Log Out" library="global_resources">
<kw name="Get Element" library="Browser">
<arg>${MENU_BUTTON}</arg>
<tag>Getter</tag>
<tag>PageContent</tag>
<doc>Returns a reference to a Playwright element handle.</doc>
<msg timestamp="20220510 09:26:06.736" level="INFO">Locator found successfully.</msg>
<status status="PASS" starttime="20220510 09:26:06.703" endtime="20220510 09:26:06.736"/>
</kw>
<kw name="Click" library="Browser">
<arg>xpath=.//header//button[2]</arg>
<tag>PageContent</tag>
<tag>Setter</tag>
<doc>Simulates mouse click on the element found by ``selector``.</doc>
<status status="PASS" starttime="20220510 09:26:06.736" endtime="20220510 09:26:06.806"/>
</kw>
<kw name="Get Element" library="Browser">
<arg>xpath=.//a[@href="/logout"]</arg>
<tag>Getter</tag>
<tag>PageContent</tag>
<doc>Returns a reference to a Playwright element handle.</doc>
<msg timestamp="20220510 09:26:06.820" level="INFO">Locator found successfully.</msg>
<status status="PASS" starttime="20220510 09:26:06.807" endtime="20220510 09:26:06.820"/>
</kw>
<kw name="Click" library="Browser">
<arg>xpath=.//a[@href="/logout"]</arg>
<tag>PageContent</tag>
<tag>Setter</tag>
<doc>Simulates mouse click on the element found by ``selector``.</doc>
<status status="PASS" starttime="20220510 09:26:06.820" endtime="20220510 09:26:07.051"/>
</kw>
<kw name="User Sees Login Page" library="global_resources">
<kw name="Get Text" library="Browser">
<arg>text=Sisäänkirjautuminen</arg>
<tag>Assertion</tag>
<tag>Getter</tag>
<tag>PageContent</tag>
<doc>Returns text attribute of the element found by ``selector``.</doc>
<status status="PASS" starttime="20220510 09:26:07.052" endtime="20220510 09:26:07.915"/>
</kw>
<status status="PASS" starttime="20220510 09:26:07.052" endtime="20220510 09:26:07.915"/>
</kw>
<status status="PASS" starttime="20220510 09:26:06.703" endtime="20220510 09:26:07.916"/>
</kw>
<kw name="Delete All Cookies" library="Browser">
<tag>BrowserControl</tag>
<tag>Setter</tag>
<doc>Deletes all cookies from the currently active browser context.</doc>
<msg timestamp="20220510 09:26:07.918" level="INFO">All cookies deleted.</msg>
<status status="PASS" starttime="20220510 09:26:07.916" endtime="20220510 09:26:07.919"/>
</kw>
<kw name="Go To" library="Browser">
<arg>${APP_URL.${ENVIRONMENT}}</arg>
<tag>BrowserControl</tag>
<tag>Setter</tag>
<doc>Navigates to the given ``url``.</doc>
<msg timestamp="20220510 09:26:08.102" level="INFO">Successfully opened URL https://app-ecs-qa.westeurope.cloudapp.azure.com/</msg>
<status status="PASS" starttime="20220510 09:26:07.919" endtime="20220510 09:26:08.102"/>
</kw>
<status status="PASS" starttime="20220510 09:26:06.702" endtime="20220510 09:26:08.102"/>
</kw>
<status status="PASS" starttime="20220510 09:26:02.431" endtime="20220510 09:26:08.102"/>
</kw>
<kw name="Log In To App" library="global_resources">
<arg>username=${VALID USERNAME ORGANIZER}</arg>
<arg>password=${VALID PASSWORD}</arg>
<kw name="Wait Until Network Is Idle" library="Browser">
<tag>HTTP</tag>
<tag>Wait</tag>
<doc>Waits until there has been at least one instance of 500 ms of no network traffic on the page after loading.</doc>
<status status="PASS" starttime="20220510 09:26:08.103" endtime="20220510 09:26:09.158"/>
</kw>
<kw name="Input Username" library="global_resources">
<arg>${username}</arg>
<kw name="Get Element State" library="Browser">
<arg>${LOGIN_USERNAME_LOCATOR}</arg>
<arg>visible</arg>
<tag>Assertion</tag>
<tag>Getter</tag>
<tag>PageContent</tag>
<doc>Get the given state from the element found by ``selector``.</doc>
<status status="PASS" starttime="20220510 09:26:09.159" endtime="20220510 09:26:09.194"/>
</kw>
<kw name="Fill Text" library="Browser">
<arg>${LOGIN_USERNAME_LOCATOR}</arg>
<arg>${username}</arg>
<tag>PageContent</tag>
<tag>Setter</tag>
<doc>Clears and fills the given ``txt`` into the text field found by ``selector``.</doc>
<msg timestamp="20220510 09:26:09.194" level="INFO">Fills the text 'organizer.robot@elisa.fi' in the given field.</msg>
<status status="PASS" starttime="20220510 09:26:09.194" endtime="20220510 09:26:09.217"/>
</kw>
<status status="PASS" starttime="20220510 09:26:09.159" endtime="20220510 09:26:09.217"/>
</kw>
<kw name="Input Password" library="global_resources">
<arg>${password}</arg>
<kw name="Get Element State" library="Browser">
<arg>${LOGIN_PASSWORD_LOCATOR}</arg>
<arg>visible</arg>
<tag>Assertion</tag>
<tag>Getter</tag>
<tag>PageContent</tag>
<doc>Get the given state from the element found by ``selector``.</doc>
<status status="PASS" starttime="20220510 09:26:09.218" endtime="20220510 09:26:09.227"/>
</kw>
<kw name="Fill Secret" library="Browser">
<arg>${LOGIN_PASSWORD_LOCATOR}</arg>
<arg>${password}</arg>
<tag>PageContent</tag>
<tag>Setter</tag>
<doc>Fills the given secret from ``variable_name`` into the
text field found by ``selector``.</doc>
<msg timestamp="20220510 09:26:09.227" level="WARN">Direct assignment of values as 'secret' is deprecated. Use special variable syntax to resolve variable. Example $var instead of ${var}.</msg>
<status status="PASS" starttime="20220510 09:26:09.227" endtime="20220510 09:26:09.253"/>
</kw>
<status status="PASS" starttime="20220510 09:26:09.218" endtime="20220510 09:26:09.253"/>
</kw>
<kw name="Click" library="Browser">
<arg>${LOGIN_SUBMIT_BUTTON}</arg>
<tag>PageContent</tag>
<tag>Setter</tag>
<doc>Simulates mouse click on the element found by ``selector``.</doc>
<status status="PASS" starttime="20220510 09:26:09.253" endtime="20220510 09:26:09.320"/>
</kw>
<kw name="Check That Userinfo Is Received" library="global_resources">
<arg>${username}</arg>
<kw name="Wait For Response" library="Browser">
<var>&amp;{userInfo}</var>
<arg>matcher=${APP_URL.${ENVIRONMENT}}connect/userinfo</arg>
<tag>HTTP</tag>
<tag>Wait</tag>
<doc>Waits for response matching matcher and returns python dict with contents.</doc>
<msg timestamp="20220510 09:26:10.113" level="INFO">{'status': 200, 'body': {'role': 'Organizer', 'preferred_username': 'organizer.robot@elisa.fi', 'name': 'organizer.robot@elisa.fi', 'org': 'afbf3cf3-e7e0-4ddf-b508-92a06f8b9bac', 'orgname': 'Robottiyritys', 'fullname': 'RobotOrganizer', 'userid': '1ea51652-aa52-4264-1681-08d8127b5534', 'sub': '2b4dc52d-e74e-4c96-85f6-85c1107bac02'}, 'headers': {'cache-control': 'no-store, no-cache, max-age=0', 'pragma': 'no-cache', 'content-type': 'application/json; charset=utf-8', 'content-encoding': 'gzip', 'vary': 'Accept-Encoding', 'server': 'Microsoft-IIS/10.0', 'request-context': 'appId=cid-v1:5c4aab1f-23cd-4138-9333-c2935e0f6a2b', 'strict-transport-security': 'max-age=2592000', 'x-powered-by': 'ASP.NET', 'date': 'Tue, 10 May 2022 06:26:09 GMT', 'content-length': '315'}, 'statusText': 'OK', 'url': 'https://app-ecs-qa.westeurope.cloudapp.azure.com/connect/userinfo', 'ok': True, 'request': {'headers': {'host': 'app-ecs-qa.westeurope.cloudapp.azure.com', 'user-agent': 'Mozilla/5.0 (Windows NT 10.0; Win64; x64; rv:94.0) Gecko/20100101 Firefox/94.0', 'accept': '*/*', 'accept-language': 'en-US,en;q=0.5', 'accept-encoding': 'gzip, deflate, br', 'referer': 'https://app-ecs-qa.westeurope.cloudapp.azure.com/authentication/login-callback?code=vz4Ic9AdrjLLGlq74_lYmiEuV8uYZwdZY8a0Gv5DeLE&amp;scope=openid%20profile%20EdustusautotAppAPI&amp;state=2dc189f06837423180f4c9ce3c965075&amp;session_state=iAYyrvu4Gmyi2hEeX8x0UPsBNlzZNDZqq4zvZJfhHcs.96coqq9ex9Die5EeSRZUOQ', 'authorization': 'Bearer eyJhbGciOiJSUzI1NiIsImtpZCI6IkRldmVsb3BtZW50IiwidHlwIjoiYXQrand0In0.eyJuYmYiOjE2NTIxNjM5NzAsImV4cCI6MTY1MjI1MDM3MCwiaXNzIjoiaHR0cHM6Ly9hcHAtZWNzLXFhLndlc3RldXJvcGUuY2xvdWRhcHAuYXp1cmUuY29tIiwiYXVkIjoiRWR1c3R1c2F1dG90QXBwQVBJIiwiY2xpZW50X2lkIjoiRUNTQXBwIiwic3ViIjoiMmI0ZGM1MmQtZTc0ZS00Yzk2LTg1ZjYtODVjMTEwN2JhYzAyIiwiYXV0aF90aW1lIjoxNjUyMTYzOTY5LCJpZHAiOiJsb2NhbCIsInJvbGUiOiJPcmdhbml6ZXIiLCJwcmVmZXJyZWRfdXNlcm5hbWUiOiJvcmdhbml6ZXIucm9ib3RAZWxpc2EuZmkiLCJuYW1lIjoib3JnYW5pemVyLnJvYm90QGVsaXNhLmZpIiwib3JnIjoiYWZiZjNjZjMtZTdlMC00ZGRmLWI1MDgtOTJhMDZmOGI5YmFjIiwib3JnbmFtZSI6IlJvYm90dGl5cml0eXMiLCJmdWxsbmFtZSI6IlJvYm90T3JnYW5pemVyIiwidXNlcmlkIjoiMWVhNTE2NTItYWE1Mi00MjY0LTE2ODEtMDhkODEyN2I1NTM0Iiwic2NvcGUiOlsib3BlbmlkIiwicHJvZmlsZSIsIkVkdXN0dXNhdXRvdEFwcEFQSSJdLCJhbXIiOlsicHdkIl19.CgVF8iiZk6mEBxOTA-U-1uv93Ai6hKkjmjqVzXPaDrvuLhhPypzJwxyb0EDc1Upqf2we2cLcSboGGGcXHm2Tc6IrHq8GXcJmggFDxvArwGzxCxok8l8mDi8kDRnFFLwSxH4kdlCfbTtXBIJe1Zs3RvqIfuhFJnvECHySO9SWoFhMYzXTkQkAyhe_bHK67EQIRoUiZ6Or8F6Psyc_5heC1KQIogOUVxRqzJvO3aGJ-GS-3xYKa27jWS8I2IJ_8q9QcE79l4k5JUINhNr1p2Jc7GfiW9qLeqqtoDQkMVvPZ-Qk7rTdsI5qSnuxibeWNnm_m0hx92vY4TYj-4iMdGIGSw', 'connection': 'keep-alive', 'cookie': 'idsrv.session=9crfSvUIDb-NJQn79HLM9w; AppAuthCookie=CfDJ8GnQyGQhdGFAlXSy0V7evPN3aoQZ-qI06rGDOdb7GrlZhQGJb0Uw5H8btqd1CVDc9uglGaz-c3MP3TZn4D4dAtiIrzswCpi0HoekTJxLOGRRcDeFSRjM963mt1PnmnDkxWq_J5NVrFw0aciCychOZbn-oFpFNrSMwkws8BHJEKsqH0-v-867CCr1DqMJ1cA1Wn5Nzqh7BKRBVfSiuWejMysicADxwUyQuq0kHg7dmnfEztjkhPDfziA875AL875E6ZfjZ2z2DS9iI0OtzKlLLb_D1BRUwHFFU6uPgLjU2SQYscV5AXXYjLRITGO1v4t4RoFgxqGXarU5Kvs38w_0LbO8dReM4FsnlXtQwewRHnVPffy8LLtWU2hiOtTIIN5MRR8kq86srW1TExFhAZEmxCDe704zukduyQ18s5DTs0LE5aOBD3pHV-Nv0Ic2b049sS47GnR6EIt_fYCn7co08AaDdl1cy1T1aWwBABHB55Rm_iWk1UEwDWzAKnAOQhDP6i_uZkCrQH-VEXNnsGhXbezR4Q14xOv2GrOCVT18pWOTeL44wkvt1yTOK-JYF9f7syq6LT0OIuuelnqFkbMgR6OR3VrVOe8C6M7qXkz3Ulz1y8mHpwsmhZLQ_sHg4sileh5ENhnRLz2C4yf87LVOgE7tVFTUaBpWFsgMxJncpxRlg9CEPJ7kR7mkbkli8-XFN8TBfpU10eD3O-QNvMP2lmjhN_i-VwAllSrwsml9p3kmZa9KBEtOM6lGF50AAd6jojOncDAneSDb8Sv_txEYHAuiTjQ8SNQUgyXP4J6QOIpkkW5QpvGOqD2yZ1jIEjXtu6zJ6dctJ6FacqObtkehichj4NBX-9cBmdHvcxT-NSoizu7n3sSPdapJkkp-6SJXba5-taf07qwWeIMIecQ9QS_OFwygXVgx489jchf_0nH37YzYJBau3WY_0ayYiSaNamvb91MdB6hmweD180FwdtLqZfoYYyZf0V3sBLWZbMiev-kdR2-zS1p3_LrQeMdy5Q', 'sec-fetch-dest': 'empty', 'sec-fetch-mode': 'cors', 'sec-fetch-site': 'same-origin'}, 'method': 'GET', 'postData': None}}</msg>
<msg timestamp="20220510 09:26:10.113" level="INFO">&amp;{userInfo} = { status=200 | body={'role': 'Organizer', 'preferred_username': 'organizer.robot@elisa.fi', 'name': 'organizer.robot@elisa.fi', 'org': 'afbf3cf3-e7e0-4ddf-b508-92a06f8b9bac', 'orgname': 'Robottiyritys...</msg>
<status status="PASS" starttime="20220510 09:26:09.320" endtime="20220510 09:26:10.113"/>
</kw>
<kw name="Should Be Equal As Strings" library="BuiltIn">
<arg>${userInfo.body.name}</arg>
<arg>${username}</arg>
<doc>Fails if objects are unequal after converting them to strings.</doc>
<status status="PASS" starttime="20220510 09:26:10.113" endtime="20220510 09:26:10.114"/>
</kw>
<kw name="Should Be Equal As Integers" library="BuiltIn">
<arg>${userInfo.status}</arg>
<arg>200</arg>
<doc>Fails if objects are unequal after converting them to integers.</doc>
<msg timestamp="20220510 09:26:10.116" level="INFO">Argument types are:
&lt;class 'int'&gt;
&lt;type 'unicode'&gt;</msg>
<status status="PASS" starttime="20220510 09:26:10.115" endtime="20220510 09:26:10.116"/>
</kw>
<status status="PASS" starttime="20220510 09:26:09.320" endtime="20220510 09:26:10.118"/>
</kw>
<status status="PASS" starttime="20220510 09:26:08.102" endtime="20220510 09:26:10.118"/>
</kw>
<status status="PASS" starttime="20220510 09:25:47.959" endtime="20220510 09:26:10.118"/>
</kw>
<test id="s1-s1-s1-t1" name="Organizer Is Able To Confirm A New Ride">
<kw name="Given Organizer Navigates To Ride Management View" library="rideorganizing_steps">
<kw name="Open Ride Management View" library="rideorganizing_helpers">
<kw name="Click Menubar" library="global_resources">
<kw name="Get Element" library="Browser">
<arg>${MENU_BUTTON}</arg>
<tag>Getter</tag>
<tag>PageContent</tag>
<doc>Returns a reference to a Playwright element handle.</doc>
<msg timestamp="20220510 09:26:10.307" level="INFO">Locator found successfully.</msg>
<status status="PASS" starttime="20220510 09:26:10.121" endtime="20220510 09:26:10.307"/>
</kw>
<kw name="Click" library="Browser">
<arg>${MENU_BUTTON}</arg>
<tag>PageContent</tag>
<tag>Setter</tag>
<doc>Simulates mouse click on the element found by ``selector``.</doc>
<status status="PASS" starttime="20220510 09:26:10.307" endtime="20220510 09:26:10.391"/>
</kw>
<kw name="Wait Until Network Is Idle" library="Browser">
<arg>timeout=20</arg>
<tag>HTTP</tag>
<tag>Wait</tag>
<doc>Waits until there has been at least one instance of 500 ms of no network traffic on the page after loading.</doc>
<status status="PASS" starttime="20220510 09:26:10.392" endtime="20220510 09:26:11.008"/>
</kw>
<status status="PASS" starttime="20220510 09:26:10.120" endtime="20220510 09:26:11.008"/>
</kw>
<kw name="Wait For Elements State" library="Browser">
<arg>//*[@data-test-id = "organizer-link"]</arg>
<arg>visible</arg>
<tag>PageContent</tag>
<tag>Wait</tag>
<doc>Waits for the element found by ``selector`` to satisfy state option.</doc>
<msg timestamp="20220510 09:26:11.019" level="INFO">Waited for Element with selector //*[@data-test-id = "organizer-link"] at state visible</msg>
<status status="PASS" starttime="20220510 09:26:11.008" endtime="20220510 09:26:11.019"/>
</kw>
<kw name="Click" library="Browser">
<arg>//*[@data-test-id = "organizer-link"]</arg>
<tag>PageContent</tag>
<tag>Setter</tag>
<doc>Simulates mouse click on the element found by ``selector``.</doc>
<status status="PASS" starttime="20220510 09:26:11.019" endtime="20220510 09:26:11.054"/>
</kw>
<status status="PASS" starttime="20220510 09:26:10.120" endtime="20220510 09:26:11.054"/>
</kw>
<status status="PASS" starttime="20220510 09:26:10.119" endtime="20220510 09:26:11.054"/>
</kw>
<kw name="And Selects Day After Week From The Current Day" library="global_resources">
<kw name="Navigate To Week From The Current Day" library="global_resources">
<for flavor="IN RANGE">
<var>${index}</var>
<value>7</value>
<iter>
<var name="${index}">0</var>
<kw name="Click" library="Browser">
<arg>//*[@data-test-id = "daybrowser-next-button"]</arg>
<tag>PageContent</tag>
<tag>Setter</tag>
<doc>Simulates mouse click on the element found by ``selector``.</doc>
<status status="PASS" starttime="20220510 09:26:11.057" endtime="20220510 09:26:11.397"/>
</kw>
<kw name="Wait Until Network Is Idle" library="Browser">
<arg>timeout=15</arg>
<tag>HTTP</tag>
<tag>Wait</tag>
<doc>Waits until there has been at least one instance of 500 ms of no network traffic on the page after loading.</doc>
<status status="PASS" starttime="20220510 09:26:11.397" endtime="20220510 09:26:11.400"/>
</kw>
<kw name="Sleep" library="BuiltIn">
<arg>1s</arg>
<doc>Pauses the test executed for the given time.</doc>
<msg timestamp="20220510 09:26:12.407" level="INFO">Slept 1 second</msg>
<status status="PASS" starttime="20220510 09:26:11.400" endtime="20220510 09:26:12.407"/>
</kw>
<status status="PASS" starttime="20220510 09:26:11.056" endtime="20220510 09:26:12.407"/>
</iter>
<iter>
<var name="${index}">1</var>
<kw name="Click" library="Browser">
<arg>//*[@data-test-id = "daybrowser-next-button"]</arg>
<tag>PageContent</tag>
<tag>Setter</tag>
<doc>Simulates mouse click on the element found by ``selector``.</doc>
<status status="PASS" starttime="20220510 09:26:12.407" endtime="20220510 09:26:12.493"/>
</kw>
<kw name="Wait Until Network Is Idle" library="Browser">
<arg>timeout=15</arg>
<tag>HTTP</tag>
<tag>Wait</tag>
<doc>Waits until there has been at least one instance of 500 ms of no network traffic on the page after loading.</doc>
<status status="PASS" starttime="20220510 09:26:12.493" endtime="20220510 09:26:12.495"/>
</kw>
<kw name="Sleep" library="BuiltIn">
<arg>1s</arg>
<doc>Pauses the test executed for the given time.</doc>
<msg timestamp="20220510 09:26:13.511" level="INFO">Slept 1 second</msg>
<status status="PASS" starttime="20220510 09:26:12.495" endtime="20220510 09:26:13.511"/>
</kw>
<status status="PASS" starttime="20220510 09:26:12.407" endtime="20220510 09:26:13.511"/>
</iter>
<iter>
<var name="${index}">2</var>
<kw name="Click" library="Browser">
<arg>//*[@data-test-id = "daybrowser-next-button"]</arg>
<tag>PageContent</tag>
<tag>Setter</tag>
<doc>Simulates mouse click on the element found by ``selector``.</doc>
<status status="PASS" starttime="20220510 09:26:13.511" endtime="20220510 09:26:13.564"/>
</kw>
<kw name="Wait Until Network Is Idle" library="Browser">
<arg>timeout=15</arg>
<tag>HTTP</tag>
<tag>Wait</tag>
<doc>Waits until there has been at least one instance of 500 ms of no network traffic on the page after loading.</doc>
<status status="PASS" starttime="20220510 09:26:13.564" endtime="20220510 09:26:13.566"/>
</kw>
<kw name="Sleep" library="BuiltIn">
<arg>1s</arg>
<doc>Pauses the test executed for the given time.</doc>
<msg timestamp="20220510 09:26:14.570" level="INFO">Slept 1 second</msg>
<status status="PASS" starttime="20220510 09:26:13.566" endtime="20220510 09:26:14.570"/>
</kw>
<status status="PASS" starttime="20220510 09:26:13.511" endtime="20220510 09:26:14.570"/>
</iter>
<iter>
<var name="${index}">3</var>
<kw name="Click" library="Browser">
<arg>//*[@data-test-id = "daybrowser-next-button"]</arg>
<tag>PageContent</tag>
<tag>Setter</tag>
<doc>Simulates mouse click on the element found by ``selector``.</doc>
<status status="PASS" starttime="20220510 09:26:14.571" endtime="20220510 09:26:14.630"/>
</kw>
<kw name="Wait Until Network Is Idle" library="Browser">
<arg>timeout=15</arg>
<tag>HTTP</tag>
<tag>Wait</tag>
<doc>Waits until there has been at least one instance of 500 ms of no network traffic on the page after loading.</doc>
<status status="PASS" starttime="20220510 09:26:14.630" endtime="20220510 09:26:14.632"/>
</kw>
<kw name="Sleep" library="BuiltIn">
<arg>1s</arg>
<doc>Pauses the test executed for the given time.</doc>
<msg timestamp="20220510 09:26:15.644" level="INFO">Slept 1 second</msg>
<status status="PASS" starttime="20220510 09:26:14.633" endtime="20220510 09:26:15.645"/>
</kw>
<status status="PASS" starttime="20220510 09:26:14.571" endtime="20220510 09:26:15.645"/>
</iter>
<iter>
<var name="${index}">4</var>
<kw name="Click" library="Browser">
<arg>//*[@data-test-id = "daybrowser-next-button"]</arg>
<tag>PageContent</tag>
<tag>Setter</tag>
<doc>Simulates mouse click on the element found by ``selector``.</doc>
<status status="PASS" starttime="20220510 09:26:15.645" endtime="20220510 09:26:15.694"/>
</kw>
<kw name="Wait Until Network Is Idle" library="Browser">
<arg>timeout=15</arg>
<tag>HTTP</tag>
<tag>Wait</tag>
<doc>Waits until there has been at least one instance of 500 ms of no network traffic on the page after loading.</doc>
<status status="PASS" starttime="20220510 09:26:15.694" endtime="20220510 09:26:15.696"/>
</kw>
<kw name="Sleep" library="BuiltIn">
<arg>1s</arg>
<doc>Pauses the test executed for the given time.</doc>
<msg timestamp="20220510 09:26:16.704" level="INFO">Slept 1 second</msg>
<status status="PASS" starttime="20220510 09:26:15.696" endtime="20220510 09:26:16.704"/>
</kw>
<status status="PASS" starttime="20220510 09:26:15.645" endtime="20220510 09:26:16.704"/>
</iter>
<iter>
<var name="${index}">5</var>
<kw name="Click" library="Browser">
<arg>//*[@data-test-id = "daybrowser-next-button"]</arg>
<tag>PageContent</tag>
<tag>Setter</tag>
<doc>Simulates mouse click on the element found by ``selector``.</doc>
<status status="PASS" starttime="20220510 09:26:16.705" endtime="20220510 09:26:16.777"/>
</kw>
<kw name="Wait Until Network Is Idle" library="Browser">
<arg>timeout=15</arg>
<tag>HTTP</tag>
<tag>Wait</tag>
<doc>Waits until there has been at least one instance of 500 ms of no network traffic on the page after loading.</doc>
<status status="PASS" starttime="20220510 09:26:16.778" endtime="20220510 09:26:16.780"/>
</kw>
<kw name="Sleep" library="BuiltIn">
<arg>1s</arg>
<doc>Pauses the test executed for the given time.</doc>
<msg timestamp="20220510 09:26:17.786" level="INFO">Slept 1 second</msg>
<status status="PASS" starttime="20220510 09:26:16.780" endtime="20220510 09:26:17.786"/>
</kw>
<status status="PASS" starttime="20220510 09:26:16.704" endtime="20220510 09:26:17.786"/>
</iter>
<iter>
<var name="${index}">6</var>
<kw name="Click" library="Browser">
<arg>//*[@data-test-id = "daybrowser-next-button"]</arg>
<tag>PageContent</tag>
<tag>Setter</tag>
<doc>Simulates mouse click on the element found by ``selector``.</doc>
<status status="PASS" starttime="20220510 09:26:17.786" endtime="20220510 09:26:17.827"/>
</kw>
<kw name="Wait Until Network Is Idle" library="Browser">
<arg>timeout=15</arg>
<tag>HTTP</tag>
<tag>Wait</tag>
<doc>Waits until there has been at least one instance of 500 ms of no network traffic on the page after loading.</doc>
<status status="PASS" starttime="20220510 09:26:17.827" endtime="20220510 09:26:17.829"/>
</kw>
<kw name="Sleep" library="BuiltIn">
<arg>1s</arg>
<doc>Pauses the test executed for the given time.</doc>
<msg timestamp="20220510 09:26:18.831" level="INFO">Slept 1 second</msg>
<status status="PASS" starttime="20220510 09:26:17.829" endtime="20220510 09:26:18.831"/>
</kw>
<status status="PASS" starttime="20220510 09:26:17.786" endtime="20220510 09:26:18.831"/>
</iter>
<status status="PASS" starttime="20220510 09:26:11.056" endtime="20220510 09:26:18.831"/>
</for>
<status status="PASS" starttime="20220510 09:26:11.056" endtime="20220510 09:26:18.831"/>
</kw>
<status status="PASS" starttime="20220510 09:26:11.056" endtime="20220510 09:26:18.831"/>
</kw>
<kw name="When Organizer Confirms An Unconfirmed Ride" library="rideorganizing_steps">
<kw name="Open The Ride With ID" library="global_resources">
<arg>${ORDER ID}</arg>
<kw name="Wait For Elements State" library="Browser">
<arg>${rideid}</arg>
<arg>visible</arg>
<tag>PageContent</tag>
<tag>Wait</tag>
<doc>Waits for the element found by ``selector`` to satisfy state option.</doc>
<msg timestamp="20220510 09:26:18.848" level="INFO">Waited for Element with selector div[data-test-id="19218418"] at state visible</msg>
<status status="PASS" starttime="20220510 09:26:18.833" endtime="20220510 09:26:18.849"/>
</kw>
<kw name="Click" library="Browser">
<arg>${rideid}</arg>
<tag>PageContent</tag>
<tag>Setter</tag>
<doc>Simulates mouse click on the element found by ``selector``.</doc>
<status status="PASS" starttime="20220510 09:26:18.849" endtime="20220510 09:26:18.898"/>
</kw>
<status status="PASS" starttime="20220510 09:26:18.833" endtime="20220510 09:26:18.898"/>
</kw>
<kw name="Click The Status Icon Of Ride" library="global_resources">
<kw name="Click" library="Browser">
<arg>css=div[class*="MuiDialogContent"] svg[id="IconStatus_OrderOK"]</arg>
<tag>PageContent</tag>
<tag>Setter</tag>
<doc>Simulates mouse click on the element found by ``selector``.</doc>
<status status="PASS" starttime="20220510 09:26:18.899" endtime="20220510 09:26:19.113"/>
</kw>
<status status="PASS" starttime="20220510 09:26:18.899" endtime="20220510 09:26:19.113"/>
</kw>
<kw name="Approve The Ride" library="global_resources">
<kw name="Confirm Dialog Choice" library="global_resources">
<kw name="Wait For Elements State" library="Browser">
<arg>css=div[class*="MuiDialogActions"]</arg>
<arg>visible</arg>
<tag>PageContent</tag>
<tag>Wait</tag>
<doc>Waits for the element found by ``selector`` to satisfy state option.</doc>
<msg timestamp="20220510 09:26:19.133" level="INFO">Waited for Element with selector css=div[class*="MuiDialogActions"] at state visible</msg>
<status status="PASS" starttime="20220510 09:26:19.114" endtime="20220510 09:26:19.134"/>
</kw>
<kw name="Press Keys" library="Browser">
<arg>css=div[class*="MuiDialogActions"]</arg>
<arg>Enter</arg>
<tag>PageContent</tag>
<tag>Setter</tag>
<doc>Types the given key combination into element found by ``selector``.</doc>
<status status="PASS" starttime="20220510 09:26:19.134" endtime="20220510 09:26:19.162"/>
</kw>
<status status="PASS" starttime="20220510 09:26:19.114" endtime="20220510 09:26:19.163"/>
</kw>
<status status="PASS" starttime="20220510 09:26:19.113" endtime="20220510 09:26:19.163"/>
</kw>
<status status="PASS" starttime="20220510 09:26:18.833" endtime="20220510 09:26:19.163"/>
</kw>
<kw name="Then The Ride Is Succesfully Confirmed" library="rideorganizing_steps">
<kw name="Check Given Notification Message" library="global_resources">
<arg>Tilaus vahvistettu</arg>
<kw name="Get Text" library="Browser">
<arg>css=#client-snackbar</arg>
<arg>should be</arg>
<arg>${messageToCheck}</arg>
<tag>Assertion</tag>
<tag>Getter</tag>
<tag>PageContent</tag>
<doc>Returns text attribute of the element found by ``selector``.</doc>
<status status="PASS" starttime="20220510 09:26:19.165" endtime="20220510 09:26:19.508"/>
</kw>
<status status="PASS" starttime="20220510 09:26:19.164" endtime="20220510 09:26:19.508"/>
</kw>
<status status="PASS" starttime="20220510 09:26:19.164" endtime="20220510 09:26:19.508"/>
</kw>
<kw name="And Customer Is Able To See The Confimation Email Of Her Upcoming Ride" library="rideorganizing_steps">
<kw name="Open Fake SMTP Server" library="global_resources">
<kw name="Create Video Setup" library="global_resources">
<if>
<branch type="IF" condition="'${ACTION}' == 'yes'">
<kw name="Record Video" library="global_resources">
<kw name="Create Dictionary" library="BuiltIn">
<var>${size}</var>
<arg>width</arg>
<arg>${WINDOWWIDTH}</arg>
<arg>height</arg>
<arg>${WINDOWHEIGHT}</arg>
<doc>Creates and returns a dictionary based on the given ``items``.</doc>
<msg timestamp="20220510 09:26:19.511" level="INFO">${size} = {'width': '1440', 'height': '900'}</msg>
<status status="PASS" starttime="20220510 09:26:19.511" endtime="20220510 09:26:19.511"/>
</kw>
<kw name="Create Dictionary" library="BuiltIn">
<var>${record_video}</var>
<arg>size</arg>
<arg>${size}</arg>
<arg>dir</arg>
<arg>${OUTPUT DIR}/video</arg>
<doc>Creates and returns a dictionary based on the given ``items``.</doc>
<msg timestamp="20220510 09:26:19.512" level="INFO">${record_video} = {'size': {'width': '1440', 'height': '900'}, 'dir': 'C:\\git\\edustusautot\\Edustusautot\\AcceptanceTests\\robotresults/video'}</msg>
<status status="PASS" starttime="20220510 09:26:19.512" endtime="20220510 09:26:19.512"/>
</kw>
<kw name="Set Global Variable" library="BuiltIn">
<arg>${REC}</arg>
<arg>${record_video}</arg>
<doc>Makes a variable available globally in all tests and suites.</doc>
<msg timestamp="20220510 09:26:19.513" level="INFO">${REC} = {'size': {'width': '1440', 'height': '900'}, 'dir': 'C:\\git\\edustusautot\\Edustusautot\\AcceptanceTests\\robotresults/video'}</msg>
<status status="PASS" starttime="20220510 09:26:19.512" endtime="20220510 09:26:19.513"/>
</kw>
<status status="PASS" starttime="20220510 09:26:19.511" endtime="20220510 09:26:19.513"/>
</kw>
<status status="PASS" starttime="20220510 09:26:19.511" endtime="20220510 09:26:19.513"/>
</branch>
<branch type="ELSE">
<kw name="Set Global Variable" library="BuiltIn">
<arg>${REC}</arg>
<arg>None</arg>
<doc>Makes a variable available globally in all tests and suites.</doc>
<status status="NOT RUN" starttime="20220510 09:26:19.513" endtime="20220510 09:26:19.513"/>
</kw>
<status status="NOT RUN" starttime="20220510 09:26:19.513" endtime="20220510 09:26:19.513"/>
</branch>
<status status="PASS" starttime="20220510 09:26:19.511" endtime="20220510 09:26:19.513"/>
</if>
<status status="PASS" starttime="20220510 09:26:19.510" endtime="20220510 09:26:19.513"/>
</kw>
<kw name="Set Browser Timeout" library="Browser">
<arg>timeout=40</arg>
<tag>Config</tag>
<tag>Setter</tag>
<doc>Sets the timeout used by most input and getter keywords.</doc>
<msg timestamp="20220510 09:26:19.516" level="INFO">Set timeout to: 40000</msg>
<status status="PASS" starttime="20220510 09:26:19.513" endtime="20220510 09:26:19.516"/>
</kw>
<kw name="New Context" library="Browser">
<arg>ignoreHTTPSErrors=true</arg>
<arg>recordVideo=${REC}</arg>
<tag>BrowserControl</tag>
<tag>Setter</tag>
<doc>Create a new BrowserContext with specified options.</doc>
<msg timestamp="20220510 09:26:19.517" level="INFO">{"acceptDownloads": false, "ignoreHTTPSErrors": true, "bypassCSP": false, "deviceScaleFactor": 1.0, "isMobile": false, "hasTouch": false, "javaScriptEnabled": true, "offline": false, "hideRfBrowser": false, "recordVideo": {"dir": "C:\\git\\edustusautot\\Edustusautot\\AcceptanceTests\\robotresults/video", "size": {"width": 1440, "height": 900}}}</msg>
<msg timestamp="20220510 09:26:19.527" level="INFO">Successfully created context. </msg>
<msg timestamp="20220510 09:26:19.527" level="INFO">{'acceptDownloads': False, 'ignoreHTTPSErrors': True, 'bypassCSP': False, 'deviceScaleFactor': 1, 'isMobile': False, 'hasTouch': False, 'javaScriptEnabled': True, 'offline': False, 'hideRfBrowser': False, 'recordVideo': {'dir': 'C:\\git\\edustusautot\\Edustusautot\\AcceptanceTests\\robotresults/video', 'size': {'width': 1440, 'height': 900}}}</msg>
<status status="PASS" starttime="20220510 09:26:19.516" endtime="20220510 09:26:19.527"/>
</kw>
<kw name="New Page" library="Browser">
<arg>${SMTP SERVER URL.${ENVIRONMENT}}</arg>
<tag>BrowserControl</tag>
<tag>Setter</tag>
<doc>Open a new Page.</doc>
<msg timestamp="20220510 09:26:21.155" level="INFO">Successfully initialized new page object and opened url: http://ecsmail:TestimAilit2839@maildev-ecs-qa.westeurope.azurecontainer.io:1080/</msg>
<msg timestamp="20220510 09:26:21.156" level="INFO" html="true">&lt;/td&gt;&lt;/tr&gt;&lt;tr&gt;&lt;td colspan="3"&gt;&lt;video width="1440" height="900" controls&gt;&lt;source src="video/28bdc120-4eaf-4cd3-bec3-7c0fdad8ce05.webm" type="video/webm"&gt;&lt;/video&gt;</msg>
<status status="PASS" starttime="20220510 09:26:19.527" endtime="20220510 09:26:21.156"/>
</kw>
<kw name="Set Viewport Size" library="Browser">
<arg>${WINDOWWIDTH}</arg>
<arg>${WINDOWHEIGHT}</arg>
<tag>BrowserControl</tag>
<tag>Setter</tag>
<doc>Sets current Pages viewport size to specified dimensions.</doc>
<msg timestamp="20220510 09:26:21.181" level="INFO">Set viewport size to: [object Object]</msg>
<status status="PASS" starttime="20220510 09:26:21.157" endtime="20220510 09:26:21.182"/>
</kw>
<status status="PASS" starttime="20220510 09:26:19.510" endtime="20220510 09:26:21.182"/>
</kw>
<kw name="Open Email Message" library="global_resources">
<arg>${CREDIT ROBOT CUSTOMER}</arg>
<kw name="Get Text" library="Browser">
<arg>text=${emailaddress_recipient}</arg>
<tag>Assertion</tag>
<tag>Getter</tag>
<tag>PageContent</tag>
<doc>Returns text attribute of the element found by ``selector``.</doc>
<status status="PASS" starttime="20220510 09:26:21.184" endtime="20220510 09:26:21.500"/>
</kw>
<kw name="Click" library="Browser">
<arg>//*[contains(text(),"${emailaddress_recipient}")]</arg>
<tag>PageContent</tag>
<tag>Setter</tag>
<doc>Simulates mouse click on the element found by ``selector``.</doc>
<status status="PASS" starttime="20220510 09:26:21.500" endtime="20220510 09:26:21.708"/>
</kw>
<status status="PASS" starttime="20220510 09:26:21.182" endtime="20220510 09:26:21.708"/>
</kw>
<kw name="Email Contains Valid Details" library="global_resources">
<arg>pickupaddress=${selectedStartAddress}</arg>
<arg>deliveryaddress=${selectedEndAddress}</arg>
<kw name="Wait For Elements State" library="Browser">
<arg>//iframe</arg>
<arg>visible</arg>
<tag>PageContent</tag>
<tag>Wait</tag>
<doc>Waits for the element found by ``selector`` to satisfy state option.</doc>
<msg timestamp="20220510 09:26:21.925" level="INFO">Waited for Element with selector //iframe at state visible</msg>
<status status="PASS" starttime="20220510 09:26:21.710" endtime="20220510 09:26:21.925"/>
</kw>
<kw name="Click" library="Browser">
<arg>//iframe</arg>
<tag>PageContent</tag>
<tag>Setter</tag>
<doc>Simulates mouse click on the element found by ``selector``.</doc>
<status status="PASS" starttime="20220510 09:26:21.926" endtime="20220510 09:26:22.037"/>
</kw>
<kw name="Get Element State" library="Browser">
<arg>//iframe &gt;&gt;&gt; text=${pickupaddress}</arg>
<arg>visible</arg>
<tag>Assertion</tag>
<tag>Getter</tag>
<tag>PageContent</tag>
<doc>Get the given state from the element found by ``selector``.</doc>
<status status="PASS" starttime="20220510 09:26:22.037" endtime="20220510 09:26:22.149"/>
</kw>
<kw name="Get Element State" library="Browser">
<arg>//iframe &gt;&gt;&gt; text=${deliveryaddress}</arg>
<arg>visible</arg>
<tag>Assertion</tag>
<tag>Getter</tag>
<tag>PageContent</tag>
<doc>Get the given state from the element found by ``selector``.</doc>
<status status="PASS" starttime="20220510 09:26:22.150" endtime="20220510 09:26:22.258"/>
</kw>
<status status="PASS" starttime="20220510 09:26:21.708" endtime="20220510 09:26:22.258"/>
</kw>
<kw name="Email Contains Calendar Attachment" library="global_resources">
<kw name="Click" library="Browser">
<arg>xpath=//a[@ng-click= "show('attachments')"]</arg>
<tag>PageContent</tag>
<tag>Setter</tag>
<doc>Simulates mouse click on the element found by ``selector``.</doc>
<status status="PASS" starttime="20220510 09:26:22.259" endtime="20220510 09:26:22.323"/>
</kw>
<kw name="Get Element State" library="Browser">
<arg>text=calendar.ics</arg>
<arg>visible</arg>
<tag>Assertion</tag>
<tag>Getter</tag>
<tag>PageContent</tag>
<doc>Get the given state from the element found by ``selector``.</doc>
<status status="PASS" starttime="20220510 09:26:22.324" endtime="20220510 09:26:22.374"/>
</kw>
<status status="PASS" starttime="20220510 09:26:22.259" endtime="20220510 09:26:22.375"/>
</kw>
<kw name="Close Context" library="Browser" type="TEARDOWN">
<tag>BrowserControl</tag>
<tag>Setter</tag>
<doc>Closes a Context.</doc>
<msg timestamp="20220510 09:26:22.385" level="INFO">[{"type": "firefox", "id": "browser=f2c6b3bd-7f40-4e05-9f1f-72db14ded12b", "contexts": [{"type": "context", "id": "context=4cc24818-41e5-4c1a-8a1e-fd1a65b008c4", "activePage": "page=2f055834-5ffb-4648-a0ed-83c4b90342f0", "pages": [{"type": "page", "title": "ApperClass | Organizer", "url": "https://app-ecs-qa.westeurope.cloudapp.azure.com/organizer", "id": "page=2f055834-5ffb-4648-a0ed-83c4b90342f0", "timestamp": 1652163954.976}]}, {"type": "context", "id": "context=ed9eae48-ef22-4dcb-b2dc-c2d8332f062d", "activePage": "page=b422edb9-f9dd-48b4-afd7-bdc4f14ffd82", "pages": [{"type": "page", "title": "MailDev (1)", "url": "http://maildev-ecs-qa.westeurope.azurecontainer.io:1080/#/email/151JJQ0V", "id": "page=b422edb9-f9dd-48b4-afd7-bdc4f14ffd82", "timestamp": 1652163980.134}]}], "activeContext": "context=ed9eae48-ef22-4dcb-b2dc-c2d8332f062d", "activeBrowser": true}]</msg>
<msg timestamp="20220510 09:26:22.389" level="INFO">Active context id</msg>
<msg timestamp="20220510 09:26:22.392" level="INFO">Successfully changed active browser</msg>
<msg timestamp="20220510 09:26:22.395" level="INFO">Returned active context id</msg>
<msg timestamp="20220510 09:26:22.400" level="INFO">Successfully changed active context</msg>
<msg timestamp="20220510 09:26:22.514" level="INFO">Successfully closed Context</msg>
<status status="PASS" starttime="20220510 09:26:22.375" endtime="20220510 09:26:22.515"/>
</kw>
<status status="PASS" starttime="20220510 09:26:19.510" endtime="20220510 09:26:22.515"/>
</kw>
<kw name="Run Keyword" library="BuiltIn" type="TEARDOWN">
<arg>Go To</arg>
<arg>${APP_URL.${ENVIRONMENT}}</arg>
<doc>Executes the given keyword with the given arguments.</doc>
<kw name="Go To" library="Browser">
<arg>${APP_URL.${ENVIRONMENT}}</arg>
<tag>BrowserControl</tag>
<tag>Setter</tag>
<doc>Navigates to the given ``url``.</doc>
<msg timestamp="20220510 09:26:22.868" level="INFO">Successfully opened URL https://app-ecs-qa.westeurope.cloudapp.azure.com/</msg>
<status status="PASS" starttime="20220510 09:26:22.519" endtime="20220510 09:26:22.868"/>
</kw>
<status status="PASS" starttime="20220510 09:26:22.518" endtime="20220510 09:26:22.868"/>
</kw>
<tag>orderflow</tag>
<tag>Organizer</tag>
<tag>rideorganizing_features</tag>
<tag>Smoke</tag>
<status status="PASS" starttime="20220510 09:26:10.118" endtime="20220510 09:26:22.869"/>
</test>
<test id="s1-s1-s1-t2" name="Organizer Is Able To Create Schedule For A Driver">
<kw name="Given Organizer Navigates To Schedules Management View" library="rideorganizing_steps">
<kw name="Open Vehicle Schedules View" library="global_resources">
<kw name="Click Menubar" library="global_resources">
<kw name="Get Element" library="Browser">
<arg>${MENU_BUTTON}</arg>
<tag>Getter</tag>
<tag>PageContent</tag>
<doc>Returns a reference to a Playwright element handle.</doc>
<msg timestamp="20220510 09:26:23.459" level="INFO">Locator found successfully.</msg>
<status status="PASS" starttime="20220510 09:26:22.874" endtime="20220510 09:26:23.459"/>
</kw>
<kw name="Click" library="Browser">
<arg>${MENU_BUTTON}</arg>
<tag>PageContent</tag>
<tag>Setter</tag>
<doc>Simulates mouse click on the element found by ``selector``.</doc>
<status status="PASS" starttime="20220510 09:26:23.459" endtime="20220510 09:26:23.622"/>
</kw>
<kw name="Wait Until Network Is Idle" library="Browser">
<arg>timeout=20</arg>
<tag>HTTP</tag>
<tag>Wait</tag>
<doc>Waits until there has been at least one instance of 500 ms of no network traffic on the page after loading.</doc>
<status status="PASS" starttime="20220510 09:26:23.622" endtime="20220510 09:26:25.097"/>
</kw>
<status status="PASS" starttime="20220510 09:26:22.873" endtime="20220510 09:26:25.097"/>
</kw>
<kw name="Get Text" library="Browser">
<arg>text=Ajovuorot</arg>
<tag>Assertion</tag>
<tag>Getter</tag>
<tag>PageContent</tag>
<doc>Returns text attribute of the element found by ``selector``.</doc>
<status status="PASS" starttime="20220510 09:26:25.098" endtime="20220510 09:26:25.166"/>
</kw>
<kw name="Click" library="Browser">
<arg>//*[@data-test-id = "vehicleschedules-link"]</arg>
<tag>PageContent</tag>
<tag>Setter</tag>
<doc>Simulates mouse click on the element found by ``selector``.</doc>
<status status="PASS" starttime="20220510 09:26:25.166" endtime="20220510 09:26:25.319"/>
</kw>
<status status="PASS" starttime="20220510 09:26:22.873" endtime="20220510 09:26:25.320"/>
</kw>
<status status="PASS" starttime="20220510 09:26:22.872" endtime="20220510 09:26:25.320"/>
</kw>
<kw name="And Selects Day After Week From The Current Day" library="global_resources">
<kw name="Navigate To Week From The Current Day" library="global_resources">
<for flavor="IN RANGE">
<var>${index}</var>
<value>7</value>
<iter>
<var name="${index}">0</var>
<kw name="Click" library="Browser">
<arg>//*[@data-test-id = "daybrowser-next-button"]</arg>
<tag>PageContent</tag>
<tag>Setter</tag>
<doc>Simulates mouse click on the element found by ``selector``.</doc>
<status status="PASS" starttime="20220510 09:26:25.322" endtime="20220510 09:26:25.576"/>
</kw>
<kw name="Wait Until Network Is Idle" library="Browser">
<arg>timeout=15</arg>
<tag>HTTP</tag>
<tag>Wait</tag>
<doc>Waits until there has been at least one instance of 500 ms of no network traffic on the page after loading.</doc>
<status status="PASS" starttime="20220510 09:26:25.576" endtime="20220510 09:26:25.581"/>
</kw>
<kw name="Sleep" library="BuiltIn">
<arg>1s</arg>
<doc>Pauses the test executed for the given time.</doc>
<msg timestamp="20220510 09:26:26.597" level="INFO">Slept 1 second</msg>
<status status="PASS" starttime="20220510 09:26:25.581" endtime="20220510 09:26:26.597"/>
</kw>
<status status="PASS" starttime="20220510 09:26:25.322" endtime="20220510 09:26:26.597"/>
</iter>
<iter>
<var name="${index}">1</var>
<kw name="Click" library="Browser">
<arg>//*[@data-test-id = "daybrowser-next-button"]</arg>
<tag>PageContent</tag>
<tag>Setter</tag>
<doc>Simulates mouse click on the element found by ``selector``.</doc>
<status status="PASS" starttime="20220510 09:26:26.598" endtime="20220510 09:26:26.660"/>
</kw>
<kw name="Wait Until Network Is Idle" library="Browser">
<arg>timeout=15</arg>
<tag>HTTP</tag>
<tag>Wait</tag>
<doc>Waits until there has been at least one instance of 500 ms of no network traffic on the page after loading.</doc>
<status status="PASS" starttime="20220510 09:26:26.660" endtime="20220510 09:26:26.663"/>
</kw>
<kw name="Sleep" library="BuiltIn">
<arg>1s</arg>
<doc>Pauses the test executed for the given time.</doc>
<msg timestamp="20220510 09:26:27.666" level="INFO">Slept 1 second</msg>
<status status="PASS" starttime="20220510 09:26:26.663" endtime="20220510 09:26:27.666"/>
</kw>
<status status="PASS" starttime="20220510 09:26:26.597" endtime="20220510 09:26:27.666"/>
</iter>
<iter>
<var name="${index}">2</var>
<kw name="Click" library="Browser">
<arg>//*[@data-test-id = "daybrowser-next-button"]</arg>
<tag>PageContent</tag>
<tag>Setter</tag>
<doc>Simulates mouse click on the element found by ``selector``.</doc>
<status status="PASS" starttime="20220510 09:26:27.667" endtime="20220510 09:26:27.718"/>
</kw>
<kw name="Wait Until Network Is Idle" library="Browser">
<arg>timeout=15</arg>
<tag>HTTP</tag>
<tag>Wait</tag>
<doc>Waits until there has been at least one instance of 500 ms of no network traffic on the page after loading.</doc>
<status status="PASS" starttime="20220510 09:26:27.719" endtime="20220510 09:26:27.722"/>
</kw>
<kw name="Sleep" library="BuiltIn">
<arg>1s</arg>
<doc>Pauses the test executed for the given time.</doc>
<msg timestamp="20220510 09:26:28.736" level="INFO">Slept 1 second</msg>
<status status="PASS" starttime="20220510 09:26:27.722" endtime="20220510 09:26:28.736"/>
</kw>
<status status="PASS" starttime="20220510 09:26:27.666" endtime="20220510 09:26:28.736"/>
</iter>
<iter>
<var name="${index}">3</var>
<kw name="Click" library="Browser">
<arg>//*[@data-test-id = "daybrowser-next-button"]</arg>
<tag>PageContent</tag>
<tag>Setter</tag>
<doc>Simulates mouse click on the element found by ``selector``.</doc>
<status status="PASS" starttime="20220510 09:26:28.736" endtime="20220510 09:26:28.785"/>
</kw>
<kw name="Wait Until Network Is Idle" library="Browser">
<arg>timeout=15</arg>
<tag>HTTP</tag>
<tag>Wait</tag>
<doc>Waits until there has been at least one instance of 500 ms of no network traffic on the page after loading.</doc>
<status status="PASS" starttime="20220510 09:26:28.785" endtime="20220510 09:26:28.787"/>
</kw>
<kw name="Sleep" library="BuiltIn">
<arg>1s</arg>
<doc>Pauses the test executed for the given time.</doc>
<msg timestamp="20220510 09:26:29.794" level="INFO">Slept 1 second</msg>
<status status="PASS" starttime="20220510 09:26:28.787" endtime="20220510 09:26:29.794"/>
</kw>
<status status="PASS" starttime="20220510 09:26:28.736" endtime="20220510 09:26:29.794"/>
</iter>
<iter>
<var name="${index}">4</var>
<kw name="Click" library="Browser">
<arg>//*[@data-test-id = "daybrowser-next-button"]</arg>
<tag>PageContent</tag>
<tag>Setter</tag>
<doc>Simulates mouse click on the element found by ``selector``.</doc>
<status status="PASS" starttime="20220510 09:26:29.795" endtime="20220510 09:26:29.837"/>
</kw>
<kw name="Wait Until Network Is Idle" library="Browser">
<arg>timeout=15</arg>
<tag>HTTP</tag>
<tag>Wait</tag>
<doc>Waits until there has been at least one instance of 500 ms of no network traffic on the page after loading.</doc>
<status status="PASS" starttime="20220510 09:26:29.837" endtime="20220510 09:26:29.839"/>
</kw>
<kw name="Sleep" library="BuiltIn">
<arg>1s</arg>
<doc>Pauses the test executed for the given time.</doc>
<msg timestamp="20220510 09:26:30.849" level="INFO">Slept 1 second</msg>
<status status="PASS" starttime="20220510 09:26:29.839" endtime="20220510 09:26:30.849"/>
</kw>
<status status="PASS" starttime="20220510 09:26:29.795" endtime="20220510 09:26:30.849"/>
</iter>
<iter>
<var name="${index}">5</var>
<kw name="Click" library="Browser">
<arg>//*[@data-test-id = "daybrowser-next-button"]</arg>
<tag>PageContent</tag>
<tag>Setter</tag>
<doc>Simulates mouse click on the element found by ``selector``.</doc>
<status status="PASS" starttime="20220510 09:26:30.850" endtime="20220510 09:26:30.881"/>
</kw>
<kw name="Wait Until Network Is Idle" library="Browser">
<arg>timeout=15</arg>
<tag>HTTP</tag>
<tag>Wait</tag>
<doc>Waits until there has been at least one instance of 500 ms of no network traffic on the page after loading.</doc>
<status status="PASS" starttime="20220510 09:26:30.881" endtime="20220510 09:26:30.883"/>
</kw>
<kw name="Sleep" library="BuiltIn">
<arg>1s</arg>
<doc>Pauses the test executed for the given time.</doc>
<msg timestamp="20220510 09:26:31.888" level="INFO">Slept 1 second</msg>
[...]
<msg timestamp="20220510 09:28:18.650" level="INFO">&amp;{userInfo} = { status=200 | body={'role': 'Customer', 'preferred_username': 'credit.robot@elisa.fi', 'name': 'credit.robot@elisa.fi', 'org': '55554a4b-3305-4607-8828-8f06f9e48095', 'orgname': 'Robottiasiakas', 'fu...</msg>
<status status="PASS" starttime="20220510 09:28:17.569" endtime="20220510 09:28:18.650"/>
</kw>
<kw name="Should Be Equal As Strings" library="BuiltIn">
<arg>${userInfo.body.name}</arg>
<arg>${username}</arg>
<doc>Fails if objects are unequal after converting them to strings.</doc>
<status status="PASS" starttime="20220510 09:28:18.650" endtime="20220510 09:28:18.651"/>
</kw>
<kw name="Should Be Equal As Integers" library="BuiltIn">
<arg>${userInfo.status}</arg>
<arg>200</arg>
<doc>Fails if objects are unequal after converting them to integers.</doc>
<msg timestamp="20220510 09:28:18.652" level="INFO">Argument types are:
&lt;class 'int'&gt;
&lt;type 'unicode'&gt;</msg>
<status status="PASS" starttime="20220510 09:28:18.651" endtime="20220510 09:28:18.652"/>
</kw>
<status status="PASS" starttime="20220510 09:28:17.569" endtime="20220510 09:28:18.652"/>
</kw>
<status status="PASS" starttime="20220510 09:28:17.222" endtime="20220510 09:28:18.652"/>
</kw>
<status status="PASS" starttime="20220510 09:28:04.969" endtime="20220510 09:28:18.652"/>
</kw>
<test id="s1-s3-s1-t1" name="Customer is able to receive an email receipt for the payment">
<kw name="Given Sending a GET Request to Charge Card Payment Of All Unpaid Orders" library="paymentcheck_steps">
<kw name="Get Charge To API" library="global_resources">
<kw name="Http" library="Browser">
<var>&amp;{orderResponse}</var>
<arg>api/Charge/chargeorders?apiSecret=${chargeapisecret}</arg>
<arg>GET</arg>
<tag>HTTP</tag>
<doc>Performs an HTTP request in the current browser context</doc>
<msg timestamp="20220510 09:28:20.293" level="INFO">{'status': 200, 'body': '', 'headers': {'content-length': '0', 'date': 'Tue, 10 May 2022 06:28:19 GMT', 'request-context': 'appId=cid-v1:5c4aab1f-23cd-4138-9333-c2935e0f6a2b', 'server': 'Microsoft-IIS/10.0', 'strict-transport-security': 'max-age=2592000', 'x-powered-by': 'ASP.NET'}, 'type': 'basic', 'statusText': 'OK', 'url': 'https://app-ecs-qa.westeurope.cloudapp.azure.com/api/Charge/chargeorders?apiSecret=d40675a40d0746908aa9081f0ba7e1a8', 'ok': True, 'redirected': False}</msg>
<msg timestamp="20220510 09:28:20.294" level="INFO">&amp;{orderResponse} = { status=200 | body= | headers={'content-length': '0', 'date': 'Tue, 10 May 2022 06:28:19 GMT', 'request-context': 'appId=cid-v1:5c4aab1f-23cd-4138-9333-c2935e0f6a2b', 'server': 'Microsoft-IIS/10.0', ...</msg>
<status status="PASS" starttime="20220510 09:28:18.654" endtime="20220510 09:28:20.294"/>
</kw>
<kw name="Should Be Equal As Integers" library="BuiltIn">
<arg>${orderResponse.status}</arg>
<arg>200</arg>
<doc>Fails if objects are unequal after converting them to integers.</doc>
<msg timestamp="20220510 09:28:20.296" level="INFO">Argument types are:
&lt;class 'int'&gt;
&lt;type 'unicode'&gt;</msg>
<status status="PASS" starttime="20220510 09:28:20.294" endtime="20220510 09:28:20.296"/>
</kw>
<kw name="Set Global Variable" library="BuiltIn">
<arg>${orderResponse}</arg>
<arg>&amp;{orderResponse}</arg>
<doc>Makes a variable available globally in all tests and suites.</doc>
<msg timestamp="20220510 09:28:20.298" level="INFO">${orderResponse} = {'status': 200, 'body': '', 'headers': {'content-length': '0', 'date': 'Tue, 10 May 2022 06:28:19 GMT', 'request-context': 'appId=cid-v1:5c4aab1f-23cd-4138-9333-c2935e0f6a2b', 'server': 'Microsoft-IIS...</msg>
<status status="PASS" starttime="20220510 09:28:20.297" endtime="20220510 09:28:20.298"/>
</kw>
<kw name="Log To Console" library="BuiltIn">
<arg>Orden response &amp;{orderResponse}</arg>
<doc>Logs the given message to the console.</doc>
<status status="PASS" starttime="20220510 09:28:20.298" endtime="20220510 09:28:20.300"/>
</kw>
<status status="PASS" starttime="20220510 09:28:18.653" endtime="20220510 09:28:20.300"/>
</kw>
<status status="PASS" starttime="20220510 09:28:18.653" endtime="20220510 09:28:20.300"/>
</kw>
<kw name="When Customer Opens Maildev" library="paymentcheck_steps">
<kw name="Open Fake SMTP Server" library="global_resources">
<kw name="Create Video Setup" library="global_resources">
<if>
<branch type="IF" condition="'${ACTION}' == 'yes'">
<kw name="Record Video" library="global_resources">
<kw name="Create Dictionary" library="BuiltIn">
<var>${size}</var>
<arg>width</arg>
<arg>${WINDOWWIDTH}</arg>
<arg>height</arg>
<arg>${WINDOWHEIGHT}</arg>
<doc>Creates and returns a dictionary based on the given ``items``.</doc>
<msg timestamp="20220510 09:28:20.302" level="INFO">${size} = {'width': '1440', 'height': '900'}</msg>
<status status="PASS" starttime="20220510 09:28:20.301" endtime="20220510 09:28:20.302"/>
</kw>
<kw name="Create Dictionary" library="BuiltIn">
<var>${record_video}</var>
<arg>size</arg>
<arg>${size}</arg>
<arg>dir</arg>
<arg>${OUTPUT DIR}/video</arg>
<doc>Creates and returns a dictionary based on the given ``items``.</doc>
<msg timestamp="20220510 09:28:20.303" level="INFO">${record_video} = {'size': {'width': '1440', 'height': '900'}, 'dir': 'C:\\git\\edustusautot\\Edustusautot\\AcceptanceTests\\robotresults/video'}</msg>
<status status="PASS" starttime="20220510 09:28:20.302" endtime="20220510 09:28:20.303"/>
</kw>
<kw name="Set Global Variable" library="BuiltIn">
<arg>${REC}</arg>
<arg>${record_video}</arg>
<doc>Makes a variable available globally in all tests and suites.</doc>
<msg timestamp="20220510 09:28:20.303" level="INFO">${REC} = {'size': {'width': '1440', 'height': '900'}, 'dir': 'C:\\git\\edustusautot\\Edustusautot\\AcceptanceTests\\robotresults/video'}</msg>
<status status="PASS" starttime="20220510 09:28:20.303" endtime="20220510 09:28:20.303"/>
</kw>
<status status="PASS" starttime="20220510 09:28:20.301" endtime="20220510 09:28:20.303"/>
</kw>
<status status="PASS" starttime="20220510 09:28:20.301" endtime="20220510 09:28:20.303"/>
</branch>
<branch type="ELSE">
<kw name="Set Global Variable" library="BuiltIn">
<arg>${REC}</arg>
<arg>None</arg>
<doc>Makes a variable available globally in all tests and suites.</doc>
<status status="NOT RUN" starttime="20220510 09:28:20.304" endtime="20220510 09:28:20.304"/>
</kw>
<status status="NOT RUN" starttime="20220510 09:28:20.303" endtime="20220510 09:28:20.304"/>
</branch>
<status status="PASS" starttime="20220510 09:28:20.301" endtime="20220510 09:28:20.304"/>
</if>
<status status="PASS" starttime="20220510 09:28:20.301" endtime="20220510 09:28:20.304"/>
</kw>
<kw name="Set Browser Timeout" library="Browser">
<arg>timeout=40</arg>
<tag>Config</tag>
<tag>Setter</tag>
<doc>Sets the timeout used by most input and getter keywords.</doc>
<msg timestamp="20220510 09:28:20.306" level="INFO">Set timeout to: 40000</msg>
<status status="PASS" starttime="20220510 09:28:20.304" endtime="20220510 09:28:20.306"/>
</kw>
<kw name="New Context" library="Browser">
<arg>ignoreHTTPSErrors=true</arg>
<arg>recordVideo=${REC}</arg>
<tag>BrowserControl</tag>
<tag>Setter</tag>
<doc>Create a new BrowserContext with specified options.</doc>
<msg timestamp="20220510 09:28:20.307" level="INFO">{"acceptDownloads": false, "ignoreHTTPSErrors": true, "bypassCSP": false, "deviceScaleFactor": 1.0, "isMobile": false, "hasTouch": false, "javaScriptEnabled": true, "offline": false, "hideRfBrowser": false, "recordVideo": {"dir": "C:\\git\\edustusautot\\Edustusautot\\AcceptanceTests\\robotresults/video", "size": {"width": 1440, "height": 900}}}</msg>
<msg timestamp="20220510 09:28:20.313" level="INFO">Successfully created context. </msg>
<msg timestamp="20220510 09:28:20.313" level="INFO">{'acceptDownloads': False, 'ignoreHTTPSErrors': True, 'bypassCSP': False, 'deviceScaleFactor': 1, 'isMobile': False, 'hasTouch': False, 'javaScriptEnabled': True, 'offline': False, 'hideRfBrowser': False, 'recordVideo': {'dir': 'C:\\git\\edustusautot\\Edustusautot\\AcceptanceTests\\robotresults/video', 'size': {'width': 1440, 'height': 900}}}</msg>
<status status="PASS" starttime="20220510 09:28:20.306" endtime="20220510 09:28:20.313"/>
</kw>
<kw name="New Page" library="Browser">
<arg>${SMTP SERVER URL.${ENVIRONMENT}}</arg>
<tag>BrowserControl</tag>
<tag>Setter</tag>
<doc>Open a new Page.</doc>
<msg timestamp="20220510 09:28:21.341" level="INFO">Successfully initialized new page object and opened url: http://ecsmail:TestimAilit2839@maildev-ecs-qa.westeurope.azurecontainer.io:1080/</msg>
<msg timestamp="20220510 09:28:21.342" level="INFO" html="true">&lt;/td&gt;&lt;/tr&gt;&lt;tr&gt;&lt;td colspan="3"&gt;&lt;video width="1440" height="900" controls&gt;&lt;source src="video/335138b8-d451-437a-be65-7fc43cde9713.webm" type="video/webm"&gt;&lt;/video&gt;</msg>
<status status="PASS" starttime="20220510 09:28:20.313" endtime="20220510 09:28:21.342"/>
</kw>
<kw name="Set Viewport Size" library="Browser">
<arg>${WINDOWWIDTH}</arg>
<arg>${WINDOWHEIGHT}</arg>
<tag>BrowserControl</tag>
<tag>Setter</tag>
<doc>Sets current Pages viewport size to specified dimensions.</doc>
<msg timestamp="20220510 09:28:21.354" level="INFO">Set viewport size to: [object Object]</msg>
<status status="PASS" starttime="20220510 09:28:21.342" endtime="20220510 09:28:21.354"/>
</kw>
<status status="PASS" starttime="20220510 09:28:20.301" endtime="20220510 09:28:21.354"/>
</kw>
<kw name="Open Email Message" library="global_resources">
<arg>${CREDIT ROBOT CUSTOMER}</arg>
<kw name="Get Text" library="Browser">
<arg>text=${emailaddress_recipient}</arg>
<tag>Assertion</tag>
<tag>Getter</tag>
<tag>PageContent</tag>
<doc>Returns text attribute of the element found by ``selector``.</doc>
<status status="PASS" starttime="20220510 09:28:21.355" endtime="20220510 09:28:22.117"/>
</kw>
<kw name="Click" library="Browser">
<arg>//*[contains(text(),"${emailaddress_recipient}")]</arg>
<tag>PageContent</tag>
<tag>Setter</tag>
<doc>Simulates mouse click on the element found by ``selector``.</doc>
<status status="PASS" starttime="20220510 09:28:22.117" endtime="20220510 09:28:22.195"/>
</kw>
<status status="PASS" starttime="20220510 09:28:21.354" endtime="20220510 09:28:22.195"/>
</kw>
<status status="PASS" starttime="20220510 09:28:20.300" endtime="20220510 09:28:22.195"/>
</kw>
<kw name="Then Payment Receipt Is Sent" library="paymentcheck_steps">
<kw name="Email Contains Valid Title" library="global_resources">
<arg>Ride receipt</arg>
<kw name="Wait For Elements State" library="Browser">
<arg>//iframe</arg>
<arg>visible</arg>
<tag>PageContent</tag>
<tag>Wait</tag>
<doc>Waits for the element found by ``selector`` to satisfy state option.</doc>
<msg timestamp="20220510 09:28:22.339" level="INFO">Waited for Element with selector //iframe at state visible</msg>
<status status="PASS" starttime="20220510 09:28:22.196" endtime="20220510 09:28:22.339"/>
</kw>
<kw name="Click" library="Browser">
<arg>//iframe</arg>
<tag>PageContent</tag>
<tag>Setter</tag>
<doc>Simulates mouse click on the element found by ``selector``.</doc>
<status status="PASS" starttime="20220510 09:28:22.339" endtime="20220510 09:28:22.397"/>
</kw>
<kw name="Get Element State" library="Browser">
<arg>//iframe &gt;&gt;&gt; text= ${title}</arg>
<arg>visible</arg>
<tag>Assertion</tag>
<tag>Getter</tag>
<tag>PageContent</tag>
<doc>Get the given state from the element found by ``selector``.</doc>
<status status="PASS" starttime="20220510 09:28:22.398" endtime="20220510 09:28:22.469"/>
</kw>
<status status="PASS" starttime="20220510 09:28:22.196" endtime="20220510 09:28:22.470"/>
</kw>
<kw name="Email Contains Valid Details" library="global_resources">
<arg>pickupaddress= ${selectedStartAddress}</arg>
<arg>deliveryaddress=${selectedEndAddress}</arg>
<kw name="Wait For Elements State" library="Browser">
<arg>//iframe</arg>
<arg>visible</arg>
<tag>PageContent</tag>
<tag>Wait</tag>
<doc>Waits for the element found by ``selector`` to satisfy state option.</doc>
<msg timestamp="20220510 09:28:22.484" level="INFO">Waited for Element with selector //iframe at state visible</msg>
<status status="PASS" starttime="20220510 09:28:22.471" endtime="20220510 09:28:22.484"/>
</kw>
<kw name="Click" library="Browser">
<arg>//iframe</arg>
<tag>PageContent</tag>
<tag>Setter</tag>
<doc>Simulates mouse click on the element found by ``selector``.</doc>
<status status="PASS" starttime="20220510 09:28:22.485" endtime="20220510 09:28:22.528"/>
</kw>
<kw name="Get Element State" library="Browser">
<arg>//iframe &gt;&gt;&gt; text=${pickupaddress}</arg>
<arg>visible</arg>
<tag>Assertion</tag>
<tag>Getter</tag>
<tag>PageContent</tag>
<doc>Get the given state from the element found by ``selector``.</doc>
<status status="PASS" starttime="20220510 09:28:22.528" endtime="20220510 09:28:22.567"/>
</kw>
<kw name="Get Element State" library="Browser">
<arg>//iframe &gt;&gt;&gt; text=${deliveryaddress}</arg>
<arg>visible</arg>
<tag>Assertion</tag>
<tag>Getter</tag>
<tag>PageContent</tag>
<doc>Get the given state from the element found by ``selector``.</doc>
<status status="PASS" starttime="20220510 09:28:22.567" endtime="20220510 09:28:22.603"/>
</kw>
<status status="PASS" starttime="20220510 09:28:22.470" endtime="20220510 09:28:22.604"/>
</kw>
<kw name="Email Contains Valid Service" library="global_resources">
<arg>Terminal pickup</arg>
<kw name="Wait For Elements State" library="Browser">
<arg>//iframe</arg>
<arg>visible</arg>
<tag>PageContent</tag>
<tag>Wait</tag>
<doc>Waits for the element found by ``selector`` to satisfy state option.</doc>
<msg timestamp="20220510 09:28:22.616" level="INFO">Waited for Element with selector //iframe at state visible</msg>
<status status="PASS" starttime="20220510 09:28:22.605" endtime="20220510 09:28:22.616"/>
</kw>
<kw name="Click" library="Browser">
<arg>//iframe</arg>
<tag>PageContent</tag>
<tag>Setter</tag>
<doc>Simulates mouse click on the element found by ``selector``.</doc>
<status status="PASS" starttime="20220510 09:28:22.617" endtime="20220510 09:28:22.659"/>
</kw>
<kw name="Get Element State" library="Browser">
<arg>//iframe &gt;&gt;&gt; text= ${service}</arg>
<arg>visible</arg>
<tag>Assertion</tag>
<tag>Getter</tag>
<tag>PageContent</tag>
<doc>Get the given state from the element found by ``selector``.</doc>
<status status="PASS" starttime="20220510 09:28:22.659" endtime="20220510 09:28:22.693"/>
</kw>
<status status="PASS" starttime="20220510 09:28:22.604" endtime="20220510 09:28:22.693"/>
</kw>
<status status="PASS" starttime="20220510 09:28:22.196" endtime="20220510 09:28:22.693"/>
</kw>
<tag>CreditCard</tag>
<tag>orderflow</tag>
<tag>paymentcheck_features</tag>
<tag>Smoke</tag>
<status status="PASS" starttime="20220510 09:28:18.652" endtime="20220510 09:28:22.694"/>
</test>
<kw name="Close Context" library="Browser" type="TEARDOWN">
<tag>BrowserControl</tag>
<tag>Setter</tag>
<doc>Closes a Context.</doc>
<msg timestamp="20220510 09:28:22.707" level="INFO">[{"type": "firefox", "id": "browser=f2c6b3bd-7f40-4e05-9f1f-72db14ded12b", "contexts": [], "activeBrowser": false}, {"type": "firefox", "id": "browser=6f042803-8b50-4eb9-b6e1-58eb5f5f72ff", "contexts": [], "activeBrowser": false}, {"type": "firefox", "id": "browser=da55411e-7822-4d84-bfac-26a6d20480d2", "contexts": [{"type": "context", "id": "context=93ce4e77-fdaf-4bc2-b2ea-68490859be7e", "activePage": "page=ea320cae-c7a2-4b2f-8b50-f92198251e14", "pages": [{"type": "page", "title": "ApperClass | Orders", "url": "https://app-ecs-qa.westeurope.cloudapp.azure.com/orders", "id": "page=ea320cae-c7a2-4b2f-8b50-f92198251e14", "timestamp": 1652164090.197}]}, {"type": "context", "id": "context=7241ff21-c5cf-47d6-8e6b-0969614b3765", "activePage": "page=a08a23c4-441a-429a-8d5d-d947a3647efd", "pages": [{"type": "page", "title": "MailDev (1)", "url": "http://maildev-ecs-qa.westeurope.azurecontainer.io:1080/#/email/NYqEnnn6", "id": "page=a08a23c4-441a-429a-8d5d-d947a3647efd", "timestamp": 1652164100.764}]}], "activeContext": "context=7241ff21-c5cf-47d6-8e6b-0969614b3765", "activeBrowser": true}]</msg>
<msg timestamp="20220510 09:28:22.709" level="INFO">Active context id</msg>
<msg timestamp="20220510 09:28:22.711" level="INFO">Successfully changed active browser</msg>
<msg timestamp="20220510 09:28:22.713" level="INFO">Returned active context id</msg>
<msg timestamp="20220510 09:28:22.716" level="INFO">Successfully changed active context</msg>
<msg timestamp="20220510 09:28:22.808" level="INFO">Successfully closed Context</msg>
<status status="PASS" starttime="20220510 09:28:22.696" endtime="20220510 09:28:22.808"/>
</kw>
<doc>Note that the order with credit card payment is created on 05_ride_organazing setup by sending JSON directly to orders API
Payment suite is dependant on the orderFlow-pipe (05 and 06 suites)</doc>
<status status="PASS" starttime="20220510 09:28:04.949" endtime="20220510 09:28:22.808"/>
</suite>
<status status="PASS" starttime="20220510 09:28:04.941" endtime="20220510 09:28:22.924"/>
</suite>
<status status="PASS" starttime="20220510 09:25:37.076" endtime="20220510 09:28:22.926"/>
</suite>
<statistics>
<total>
<stat pass="8" fail="0" skip="0">All Tests</stat>
</total>
<tag>
<stat pass="1" fail="0" skip="0">CreditCard</stat>
<stat pass="4" fail="0" skip="0">Driver</stat>
<stat pass="8" fail="0" skip="0">orderflow</stat>
<stat pass="3" fail="0" skip="0">Organizer</stat>
<stat pass="1" fail="0" skip="0">paymentcheck_features</stat>
<stat pass="4" fail="0" skip="0">ridedriver_features</stat>
<stat pass="3" fail="0" skip="0">rideorganizing_features</stat>
<stat pass="8" fail="0" skip="0">Smoke</stat>
</tag>
<suite>
<stat pass="8" fail="0" skip="0" id="s1" name="Suites">Suites</stat>
<stat pass="3" fail="0" skip="0" id="s1-s1" name="05 Ride Organizing">Suites.05 Ride Organizing</stat>
<stat pass="3" fail="0" skip="0" id="s1-s1-s1" name="Rideorganizing Features 02 Main">Suites.05 Ride Organizing.Rideorganizing Features 02 Main</stat>
<stat pass="4" fail="0" skip="0" id="s1-s2" name="06 Ride Driver">Suites.06 Ride Driver</stat>
<stat pass="4" fail="0" skip="0" id="s1-s2-s1" name="Ridedriver Features">Suites.06 Ride Driver.Ridedriver Features</stat>
<stat pass="1" fail="0" skip="0" id="s1-s3" name="07 Payment Check">Suites.07 Payment Check</stat>
<stat pass="1" fail="0" skip="0" id="s1-s3-s1" name="Paymentcheck Features">Suites.07 Payment Check.Paymentcheck Features</stat>
</suite>
</statistics>
<errors>
<msg timestamp="20220510 09:26:02.525" level="WARN">Direct assignment of values as 'secret' is deprecated. Use special variable syntax to resolve variable. Example $var instead of ${var}.</msg>
<msg timestamp="20220510 09:26:09.227" level="WARN">Direct assignment of values as 'secret' is deprecated. Use special variable syntax to resolve variable. Example $var instead of ${var}.</msg>
<msg timestamp="20220510 09:26:59.441" level="WARN">Direct assignment of values as 'secret' is deprecated. Use special variable syntax to resolve variable. Example $var instead of ${var}.</msg>
<msg timestamp="20220510 09:27:54.043" level="WARN">Direct assignment of values as 'secret' is deprecated. Use special variable syntax to resolve variable. Example $var instead of ${var}.</msg>
<msg timestamp="20220510 09:28:17.387" level="WARN">Direct assignment of values as 'secret' is deprecated. Use special variable syntax to resolve variable. Example $var instead of ${var}.</msg>
</errors>
</robot>
